<?xml version="1.0" encoding="UTF-8"?>
<TestRun id="6dfaa7e4-c6f7-49b1-b063-8163cde49f8c" name="Paul@LUCIDITYPC 2015-01-06 15:29:35" runUser="LucidityPc\Paul" xmlns="http://microsoft.com/schemas/VisualStudio/TeamTest/2010">
  <TestSettings name="Local" id="454fff11-78e4-46b1-93ba-f0be7b533939">
    <Description>These are default test settings for a local test run.</Description>
    <Deployment enabled="false" runDeploymentRoot="Paul_LUCIDITYPC 2015-01-06 15_29_35">
      <DeploymentItem filename="C:\Code\MicroserviceMigration\Marathon\Marathon.Domain\bin\Debug\Marathon.Domain.dll" />
    </Deployment>
    <Execution>
      <TestTypeSpecific />
      <AgentRule name="Execution Agents">
      </AgentRule>
    </Execution>
  </TestSettings>
  <Times creation="2015-01-06T15:29:35.2687102+00:00" queuing="2015-01-06T15:29:38.8452311+00:00" start="2015-01-06T15:29:39.1104163+00:00" finish="2015-01-06T15:30:10.7866620+00:00" />
  <ResultSummary outcome="Error">
    <Counters total="1" executed="1" error="0" failed="0" timeout="0" aborted="1" inconclusive="0" passedButRunAborted="0" notRunnable="0" notExecuted="0" disconnected="0" warning="0" passed="0" completed="0" inProgress="0" pending="0" />
    <RunInfos>
      <RunInfo computerName="LUCIDITYPC" outcome="Error" timestamp="2015-01-06T15:30:10.7836586+00:00">
        <Text>Test host process exited unexpectedly.</Text>
      </RunInfo>
    </RunInfos>
  </ResultSummary>
  <TestDefinitions>
    <UnitTest name="VehicleThatDoesntRequireMaintenanceReturnsFalse" storage="c:\code\microservicemigration\marathon\marathon.domain.unittests\bin\debug\marathon.domain.unittests.dll" id="5156cec0-4d7d-ec72-37cb-1e7f3d054528">
      <Execution id="bdc0ffad-c50a-434c-96d6-dfbd335bbc50" />
      <TestMethod codeBase="C:/Code/MicroserviceMigration/Marathon/Marathon.Domain.UnitTests/bin/Debug/Marathon.Domain.UnitTests.DLL" adapterTypeName="Microsoft.VisualStudio.TestTools.TestTypes.Unit.UnitTestAdapter, Microsoft.VisualStudio.QualityTools.Tips.UnitTest.Adapter, Version=10.0.0.0, Culture=neutral, PublicKeyToken=b03f5f7f11d50a3a" className="Marathon.Domain.UnitTests.Entities.VehicleTests.RequiresMaintenanceTests, Marathon.Domain.UnitTests, Version=1.0.0.0, Culture=neutral, PublicKeyToken=null" name="VehicleThatDoesntRequireMaintenanceReturnsFalse" />
    </UnitTest>
  </TestDefinitions>
  <TestLists>
    <TestList name="Results Not in a List" id="8c84fa94-04c1-424b-9868-57a2d4851a1d" />
    <TestList name="All Loaded Results" id="19431567-8539-422a-85d7-44ee4e166bda" />
  </TestLists>
  <TestEntries>
    <TestEntry testId="5156cec0-4d7d-ec72-37cb-1e7f3d054528" executionId="bdc0ffad-c50a-434c-96d6-dfbd335bbc50" testListId="8c84fa94-04c1-424b-9868-57a2d4851a1d" />
  </TestEntries>
  <Results>
    <UnitTestResult executionId="bdc0ffad-c50a-434c-96d6-dfbd335bbc50" testId="5156cec0-4d7d-ec72-37cb-1e7f3d054528" testName="VehicleThatDoesntRequireMaintenanceReturnsFalse" computerName="LUCIDITYPC" duration="00:00:31.4360713" startTime="2015-01-06T15:29:39.3505907+00:00" endTime="2015-01-06T15:30:10.7866620+00:00" testType="13cdc9d9-ddb5-4fa4-a97d-d965ccfc6d4b" outcome="Aborted" testListId="8c84fa94-04c1-424b-9868-57a2d4851a1d" relativeResultsDirectory="bdc0ffad-c50a-434c-96d6-dfbd335bbc50">
    </UnitTestResult>
  </Results>
</TestRun>