<?xml version="1.0" encoding="UTF-8"?>
<TestRun id="05b1ea2d-a284-400f-ab11-76ce5f391f0e" name="Paul@LUCIDITYPC 2014-12-03 16:48:45" runUser="LucidityPc\Paul" xmlns="http://microsoft.com/schemas/VisualStudio/TeamTest/2010">
  <TestSettings name="Local" id="454fff11-78e4-46b1-93ba-f0be7b533939">
    <Description>These are default test settings for a local test run.</Description>
    <Deployment enabled="false" runDeploymentRoot="Paul_LUCIDITYPC 2014-12-03 16_48_45">
      <DeploymentItem filename="C:\Code\MicroserviceMigration\Marathon\packages\EntityFramework.6.1.1\lib\net40\EntityFramework.SqlServer.dll" />
      <DeploymentItem filename="C:\Code\MicroserviceMigration\Marathon\Marathon.Data\bin\Debug\Marathon.Data.dll" />
      <DeploymentItem filename="C:\Code\MicroserviceMigration\Marathon\packages\EntityFramework.6.1.1\lib\net40\EntityFramework.dll" />
      <DeploymentItem filename="C:\Code\MicroserviceMigration\Marathon\packages\Unofficial.Microsoft.SQLServer.SMO.2014.12.0.2000.8\lib\Microsoft.SqlServer.Smo.dll" />
      <DeploymentItem filename="C:\Code\MicroserviceMigration\Marathon\packages\Unofficial.Microsoft.SQLServer.SMO.2014.12.0.2000.8\lib\Microsoft.SqlServer.SqlEnum.dll" />
      <DeploymentItem filename="C:\Code\MicroserviceMigration\Marathon\packages\Unofficial.Microsoft.SQLServer.SMO.2014.12.0.2000.8\lib\Microsoft.SqlServer.ConnectionInfo.dll" />
      <DeploymentItem filename="C:\Code\MicroserviceMigration\Marathon\packages\Unofficial.Microsoft.SQLServer.SMO.2014.12.0.2000.8\lib\Microsoft.SqlServer.SqlClrProvider.dll" />
      <DeploymentItem filename="C:\Code\MicroserviceMigration\Marathon\packages\Ninject.3.2.2.0\lib\net40\Ninject.dll" />
      <DeploymentItem filename="C:\Code\MicroserviceMigration\Marathon\packages\Unofficial.Microsoft.SQLServer.SMO.2014.12.0.2000.8\lib\Microsoft.SqlServer.SmoExtended.dll" />
      <DeploymentItem filename="C:\Code\MicroserviceMigration\Marathon\Marathon.Domain\bin\Debug\Marathon.Domain.dll" />
      <DeploymentItem filename="C:\Code\MicroserviceMigration\Marathon\packages\Unofficial.Microsoft.SQLServer.SMO.2014.12.0.2000.8\lib\Microsoft.SqlServer.ConnectionInfoExtended.dll" />
      <DeploymentItem filename="C:\Code\MicroserviceMigration\Marathon\packages\Unofficial.Microsoft.SQLServer.SMO.2014.12.0.2000.8\lib\Microsoft.SqlServer.Management.Sdk.Sfc.dll" />
    </Deployment>
    <Execution>
      <TestTypeSpecific />
      <AgentRule name="Execution Agents">
      </AgentRule>
    </Execution>
  </TestSettings>
  <Times creation="2014-12-03T16:48:45.9242269+00:00" queuing="2014-12-03T16:48:48.6672018+00:00" start="2014-12-03T16:48:48.8853575+00:00" finish="2014-12-03T16:50:29.2169393+00:00" />
  <ResultSummary outcome="Error">
    <Counters total="1" executed="1" error="0" failed="0" timeout="0" aborted="1" inconclusive="0" passedButRunAborted="0" notRunnable="0" notExecuted="0" disconnected="0" warning="0" passed="0" completed="0" inProgress="0" pending="0" />
    <RunInfos>
      <RunInfo computerName="LUCIDITYPC" outcome="Error" timestamp="2014-12-03T16:50:29.2149319+00:00">
        <Text>Test host process exited unexpectedly.</Text>
      </RunInfo>
    </RunInfos>
  </ResultSummary>
  <TestDefinitions>
    <UnitTest name="CanAddBooking" storage="c:\code\microservicemigration\marathon\marathon.integrationtest\bin\debug\marathon.integrationtest.dll" id="da894f7e-216d-e624-97f5-6c38d1c19a37">
      <Execution id="47e26a9c-7b26-4e95-a3ed-aae7e9212c5d" />
      <TestMethod codeBase="C:/Code/MicroserviceMigration/Marathon/Marathon.IntegrationTest/bin/Debug/Marathon.IntegrationTest.DLL" adapterTypeName="Microsoft.VisualStudio.TestTools.TestTypes.Unit.UnitTestAdapter, Microsoft.VisualStudio.QualityTools.Tips.UnitTest.Adapter, Version=10.0.0.0, Culture=neutral, PublicKeyToken=b03f5f7f11d50a3a" className="Marathon.IntegrationTest.Repositories.BookingRepositoryTest, Marathon.IntegrationTest, Version=1.0.0.0, Culture=neutral, PublicKeyToken=null" name="CanAddBooking" />
    </UnitTest>
  </TestDefinitions>
  <TestLists>
    <TestList name="Results Not in a List" id="8c84fa94-04c1-424b-9868-57a2d4851a1d" />
    <TestList name="All Loaded Results" id="19431567-8539-422a-85d7-44ee4e166bda" />
  </TestLists>
  <TestEntries>
    <TestEntry testId="da894f7e-216d-e624-97f5-6c38d1c19a37" executionId="47e26a9c-7b26-4e95-a3ed-aae7e9212c5d" testListId="8c84fa94-04c1-424b-9868-57a2d4851a1d" />
  </TestEntries>
  <Results>
    <UnitTestResult executionId="47e26a9c-7b26-4e95-a3ed-aae7e9212c5d" testId="da894f7e-216d-e624-97f5-6c38d1c19a37" testName="CanAddBooking" computerName="LUCIDITYPC" duration="00:01:40.0714035" startTime="2014-12-03T16:48:49.1455358+00:00" endTime="2014-12-03T16:50:29.2169393+00:00" testType="13cdc9d9-ddb5-4fa4-a97d-d965ccfc6d4b" outcome="Aborted" testListId="8c84fa94-04c1-424b-9868-57a2d4851a1d" relativeResultsDirectory="47e26a9c-7b26-4e95-a3ed-aae7e9212c5d">
    </UnitTestResult>
  </Results>
</TestRun>