<?xml version="1.0" encoding="UTF-8"?>
<TestRun id="90138a80-1201-4568-a91b-e19d321d47cd" name="Paul@LUCIDITYPC 2014-12-03 16:53:36" runUser="LucidityPc\Paul" xmlns="http://microsoft.com/schemas/VisualStudio/TeamTest/2010">
  <TestSettings name="Local" id="454fff11-78e4-46b1-93ba-f0be7b533939">
    <Description>These are default test settings for a local test run.</Description>
    <Deployment enabled="false" runDeploymentRoot="Paul_LUCIDITYPC 2014-12-03 16_53_36">
      <DeploymentItem filename="C:\Code\MicroserviceMigration\Marathon\packages\EntityFramework.6.1.1\lib\net40\EntityFramework.SqlServer.dll" />
      <DeploymentItem filename="C:\Code\MicroserviceMigration\Marathon\Marathon.Data\bin\Debug\Marathon.Data.dll" />
      <DeploymentItem filename="C:\Code\MicroserviceMigration\Marathon\packages\EntityFramework.6.1.1\lib\net40\EntityFramework.dll" />
      <DeploymentItem filename="C:\Code\MicroserviceMigration\Marathon\packages\Unofficial.Microsoft.SQLServer.SMO.2014.12.0.2000.8\lib\Microsoft.SqlServer.Smo.dll" />
      <DeploymentItem filename="C:\Code\MicroserviceMigration\Marathon\packages\Unofficial.Microsoft.SQLServer.SMO.2014.12.0.2000.8\lib\Microsoft.SqlServer.SqlEnum.dll" />
      <DeploymentItem filename="C:\Code\MicroserviceMigration\Marathon\packages\Unofficial.Microsoft.SQLServer.SMO.2014.12.0.2000.8\lib\Microsoft.SqlServer.ConnectionInfo.dll" />
      <DeploymentItem filename="C:\Code\MicroserviceMigration\Marathon\packages\Unofficial.Microsoft.SQLServer.SMO.2014.12.0.2000.8\lib\Microsoft.SqlServer.SqlClrProvider.dll" />
      <DeploymentItem filename="C:\Code\MicroserviceMigration\Marathon\packages\Ninject.3.2.2.0\lib\net40\Ninject.dll" />
      <DeploymentItem filename="C:\Code\MicroserviceMigration\Marathon\packages\Unofficial.Microsoft.SQLServer.SMO.2014.12.0.2000.8\lib\Microsoft.SqlServer.SmoExtended.dll" />
      <DeploymentItem filename="C:\Code\MicroserviceMigration\Marathon\Marathon.Domain\bin\Debug\Marathon.Domain.dll" />
      <DeploymentItem filename="C:\Code\MicroserviceMigration\Marathon\packages\Unofficial.Microsoft.SQLServer.SMO.2014.12.0.2000.8\lib\Microsoft.SqlServer.ConnectionInfoExtended.dll" />
      <DeploymentItem filename="C:\Code\MicroserviceMigration\Marathon\packages\Unofficial.Microsoft.SQLServer.SMO.2014.12.0.2000.8\lib\Microsoft.SqlServer.Management.Sdk.Sfc.dll" />
    </Deployment>
    <Execution>
      <TestTypeSpecific />
      <AgentRule name="Execution Agents">
      </AgentRule>
    </Execution>
  </TestSettings>
  <Times creation="2014-12-03T16:53:36.4101702+00:00" queuing="2014-12-03T16:53:36.5102410+00:00" start="2014-12-03T16:53:36.5272527+00:00" finish="2014-12-03T16:53:45.2217282+00:00" />
  <ResultSummary outcome="Failed">
    <Counters total="1" executed="1" error="0" failed="1" timeout="0" aborted="0" inconclusive="0" passedButRunAborted="0" notRunnable="0" notExecuted="0" disconnected="0" warning="0" passed="0" completed="0" inProgress="0" pending="0" />
  </ResultSummary>
  <TestDefinitions>
    <UnitTest name="CanAddBooking" storage="c:\code\microservicemigration\marathon\marathon.integrationtest\bin\debug\marathon.integrationtest.dll" id="da894f7e-216d-e624-97f5-6c38d1c19a37">
      <Execution id="249e31d3-df4c-4f6f-9ffc-9fd4f64e73ad" />
      <TestMethod codeBase="C:/Code/MicroserviceMigration/Marathon/Marathon.IntegrationTest/bin/Debug/Marathon.IntegrationTest.DLL" adapterTypeName="Microsoft.VisualStudio.TestTools.TestTypes.Unit.UnitTestAdapter, Microsoft.VisualStudio.QualityTools.Tips.UnitTest.Adapter, Version=10.0.0.0, Culture=neutral, PublicKeyToken=b03f5f7f11d50a3a" className="Marathon.IntegrationTest.Repositories.BookingRepositoryTest, Marathon.IntegrationTest, Version=1.0.0.0, Culture=neutral, PublicKeyToken=null" name="CanAddBooking" />
    </UnitTest>
  </TestDefinitions>
  <TestLists>
    <TestList name="Results Not in a List" id="8c84fa94-04c1-424b-9868-57a2d4851a1d" />
    <TestList name="All Loaded Results" id="19431567-8539-422a-85d7-44ee4e166bda" />
  </TestLists>
  <TestEntries>
    <TestEntry testId="da894f7e-216d-e624-97f5-6c38d1c19a37" executionId="249e31d3-df4c-4f6f-9ffc-9fd4f64e73ad" testListId="8c84fa94-04c1-424b-9868-57a2d4851a1d" />
  </TestEntries>
  <Results>
    <UnitTestResult executionId="249e31d3-df4c-4f6f-9ffc-9fd4f64e73ad" testId="da894f7e-216d-e624-97f5-6c38d1c19a37" testName="CanAddBooking" computerName="LUCIDITYPC" duration="00:00:07.8220569" startTime="2014-12-03T16:53:36.5392620+00:00" endTime="2014-12-03T16:53:45.1396765+00:00" testType="13cdc9d9-ddb5-4fa4-a97d-d965ccfc6d4b" outcome="Failed" testListId="8c84fa94-04c1-424b-9868-57a2d4851a1d" relativeResultsDirectory="249e31d3-df4c-4f6f-9ffc-9fd4f64e73ad">
      <Output>
        <ErrorInfo>
          <Message>Test method Marathon.IntegrationTest.Repositories.BookingRepositoryTest.CanAddBooking threw exception: 
System.Data.SqlClient.SqlException: CREATE DATABASE permission denied in database 'master'.</Message>
          <StackTrace>    at System.Data.SqlClient.SqlConnection.OnError(SqlException exception, Boolean breakConnection, Action`1 wrapCloseInAction)
   at System.Data.SqlClient.SqlInternalConnection.OnError(SqlException exception, Boolean breakConnection, Action`1 wrapCloseInAction)
   at System.Data.SqlClient.TdsParser.ThrowExceptionAndWarning(TdsParserStateObject stateObj, Boolean callerHasConnectionLock, Boolean asyncClose)
   at System.Data.SqlClient.TdsParser.TryRun(RunBehavior runBehavior, SqlCommand cmdHandler, SqlDataReader dataStream, BulkCopySimpleResultSet bulkCopyHandler, TdsParserStateObject stateObj, Boolean&amp; dataReady)
   at System.Data.SqlClient.SqlCommand.RunExecuteNonQueryTds(String methodName, Boolean async, Int32 timeout, Boolean asyncWrite)
   at System.Data.SqlClient.SqlCommand.InternalExecuteNonQuery(TaskCompletionSource`1 completion, String methodName, Boolean sendToPipe, Int32 timeout, Boolean asyncWrite)
   at System.Data.SqlClient.SqlCommand.ExecuteNonQuery()
   at System.Data.Entity.Infrastructure.Interception.DbCommandDispatcher.&lt;NonQuery&gt;b__0(DbCommand t, DbCommandInterceptionContext`1 c)
   at System.Data.Entity.Infrastructure.Interception.InternalDispatcher`1.Dispatch[TTarget,TInterceptionContext,TResult](TTarget target, Func`3 operation, TInterceptionContext interceptionContext, Action`3 executing, Action`3 executed)
   at System.Data.Entity.Infrastructure.Interception.DbCommandDispatcher.NonQuery(DbCommand command, DbCommandInterceptionContext interceptionContext)
   at System.Data.Entity.SqlServer.SqlProviderServices.&lt;&gt;c__DisplayClass1a.&lt;CreateDatabaseFromScript&gt;b__19(DbConnection conn)
   at System.Data.Entity.SqlServer.SqlProviderServices.UsingConnection(DbConnection sqlConnection, Action`1 act)
   at System.Data.Entity.SqlServer.SqlProviderServices.UsingMasterConnection(DbConnection sqlConnection, Action`1 act)
   at System.Data.Entity.SqlServer.SqlProviderServices.CreateDatabaseFromScript(Nullable`1 commandTimeout, DbConnection sqlConnection, String createDatabaseScript)
   at System.Data.Entity.SqlServer.SqlProviderServices.DbCreateDatabase(DbConnection connection, Nullable`1 commandTimeout, StoreItemCollection storeItemCollection)
   at System.Data.Entity.Core.Common.DbProviderServices.CreateDatabase(DbConnection connection, Nullable`1 commandTimeout, StoreItemCollection storeItemCollection)
   at System.Data.Entity.Core.Objects.ObjectContext.CreateDatabase()
   at System.Data.Entity.Migrations.Utilities.DatabaseCreator.Create(DbConnection connection)
   at System.Data.Entity.Migrations.DbMigrator.EnsureDatabaseExists(Action mustSucceedToKeepDatabase)
   at System.Data.Entity.Migrations.DbMigrator.Update(String targetMigration)
   at System.Data.Entity.Internal.DatabaseCreator.CreateDatabase(InternalContext internalContext, Func`3 createMigrator, ObjectContext objectContext)
   at System.Data.Entity.Internal.InternalContext.CreateDatabase(ObjectContext objectContext, DatabaseExistenceState existenceState)
   at System.Data.Entity.Database.Create(DatabaseExistenceState existenceState)
   at System.Data.Entity.CreateDatabaseIfNotExists`1.InitializeDatabase(TContext context)
   at System.Data.Entity.Internal.InternalContext.&lt;&gt;c__DisplayClassa`1.&lt;CreateInitializationAction&gt;b__9()
   at System.Data.Entity.Internal.InternalContext.PerformInitializationAction(Action action)
   at System.Data.Entity.Internal.InternalContext.PerformDatabaseInitialization()
   at System.Data.Entity.Internal.LazyInternalContext.&lt;InitializeDatabase&gt;b__4(InternalContext c)
   at System.Data.Entity.Internal.RetryAction`1.PerformAction(TInput input)
   at System.Data.Entity.Internal.LazyInternalContext.InitializeDatabaseAction(Action`1 action)
   at System.Data.Entity.Internal.LazyInternalContext.InitializeDatabase()
   at System.Data.Entity.Internal.InternalContext.GetEntitySetAndBaseTypeForType(Type entityType)
   at System.Data.Entity.Internal.Linq.InternalSet`1.Initialize()
   at System.Data.Entity.Internal.Linq.InternalSet`1.get_InternalContext()
   at System.Data.Entity.Internal.Linq.InternalSet`1.Find(Object[] keyValues)
   at System.Data.Entity.DbSet`1.Find(Object[] keyValues)
   at Marathon.Data.Common.Repository`2.GetById(TId id) in C:\Code\MicroserviceMigration\Marathon\Marathon.Data\Common\Repository.cs:line 48
   at Marathon.IntegrationTest.Repositories.BookingRepositoryTest.CanAddBooking() in C:\Code\MicroserviceMigration\Marathon\Marathon.IntegrationTest\Repositories\BookingRepositoryTest.cs:line 52
</StackTrace>
        </ErrorInfo>
      </Output>
    </UnitTestResult>
  </Results>
</TestRun>