<?xml version="1.0" encoding="UTF-8"?>
<TestRun id="e1759f97-80f1-427c-919b-17461e6cd196" name="Paul@LUCIDITYPC 2015-02-21 15:33:57" runUser="LucidityPc\Paul" xmlns="http://microsoft.com/schemas/VisualStudio/TeamTest/2010">
  <TestSettings name="Local" id="454fff11-78e4-46b1-93ba-f0be7b533939">
    <Description>These are default test settings for a local test run.</Description>
    <Deployment enabled="false" runDeploymentRoot="Paul_LUCIDITYPC 2015-02-21 15_33_57">
      <DeploymentItem filename="C:\Code\MicroserviceMigration\Marathon\packages\EntityFramework.6.1.1\lib\net40\EntityFramework.SqlServer.dll" />
      <DeploymentItem filename="C:\Code\MicroserviceMigration\Marathon\Marathon.Data\bin\Debug\Marathon.Data.dll" />
      <DeploymentItem filename="C:\Code\MicroserviceMigration\Marathon\packages\Unofficial.Microsoft.SQLServer.SMO.2014.12.0.2000.8\lib\Microsoft.SqlServer.SmoExtended.dll" />
      <DeploymentItem filename="C:\Code\MicroserviceMigration\Marathon\packages\Ninject.3.2.3-unstable-012\lib\net40\Ninject.dll" />
      <DeploymentItem filename="C:\Code\MicroserviceMigration\Marathon\packages\Unofficial.Microsoft.SQLServer.SMO.2014.12.0.2000.8\lib\Microsoft.SqlServer.SqlEnum.dll" />
      <DeploymentItem filename="C:\Code\MicroserviceMigration\Marathon\packages\Unofficial.Microsoft.SQLServer.SMO.2014.12.0.2000.8\lib\Microsoft.SqlServer.SqlClrProvider.dll" />
      <DeploymentItem filename="C:\Code\MicroserviceMigration\Marathon\packages\Unofficial.Microsoft.SQLServer.SMO.2014.12.0.2000.8\lib\Microsoft.SqlServer.ConnectionInfoExtended.dll" />
      <DeploymentItem filename="C:\Code\MicroserviceMigration\Marathon\packages\Unofficial.Microsoft.SQLServer.SMO.2014.12.0.2000.8\lib\Microsoft.SqlServer.Smo.dll" />
      <DeploymentItem filename="C:\Code\MicroserviceMigration\Marathon\packages\Moq.4.2.1409.1722\lib\net40\Moq.dll" />
      <DeploymentItem filename="C:\Code\MicroserviceMigration\Marathon\packages\Unofficial.Microsoft.SQLServer.SMO.2014.12.0.2000.8\lib\Microsoft.SqlServer.ConnectionInfo.dll" />
      <DeploymentItem filename="C:\Code\MicroserviceMigration\Marathon\packages\Unofficial.Microsoft.SQLServer.SMO.2014.12.0.2000.8\lib\Microsoft.SqlServer.Management.Sdk.Sfc.dll" />
      <DeploymentItem filename="C:\Code\MicroserviceMigration\Marathon\Marathon.Domain\bin\Debug\Marathon.Domain.dll" />
      <DeploymentItem filename="C:\Code\MicroserviceMigration\Marathon\packages\EntityFramework.6.1.1\lib\net40\EntityFramework.dll" />
    </Deployment>
    <Execution>
      <TestTypeSpecific />
      <AgentRule name="Execution Agents">
      </AgentRule>
    </Execution>
  </TestSettings>
  <Times creation="2015-02-21T15:33:57.4059637+00:00" queuing="2015-02-21T15:33:57.6183286+00:00" start="2015-02-21T15:33:57.6413470+00:00" finish="2015-02-21T15:34:13.2804734+00:00" />
  <ResultSummary outcome="Completed">
    <Counters total="11" executed="11" passed="11" error="0" failed="0" timeout="0" aborted="0" inconclusive="0" passedButRunAborted="0" notRunnable="0" notExecuted="0" disconnected="0" warning="0" completed="0" inProgress="0" pending="0" />
  </ResultSummary>
  <TestDefinitions>
    <UnitTest name="VehicleThatHasExceededDurationReturnsTrue" storage="c:\code\microservicemigration\marathon\marathon.domain.unittests\bin\debug\marathon.domain.unittests.dll" id="56075138-793d-d6f5-c460-fac03f7b9b93">
      <Execution id="e6922e62-12be-4c9e-91c6-c83662e98d6b" />
      <TestMethod codeBase="C:/Code/MicroserviceMigration/Marathon/Marathon.Domain.UnitTests/bin/Debug/Marathon.Domain.UnitTests.DLL" adapterTypeName="Microsoft.VisualStudio.TestTools.TestTypes.Unit.UnitTestAdapter, Microsoft.VisualStudio.QualityTools.Tips.UnitTest.Adapter, Version=10.0.0.0, Culture=neutral, PublicKeyToken=b03f5f7f11d50a3a" className="Marathon.Domain.UnitTests.Entities.VehicleTests.RequiresMaintenanceTests, Marathon.Domain.UnitTests, Version=1.0.0.0, Culture=neutral, PublicKeyToken=null" name="VehicleThatHasExceededDurationReturnsTrue" />
    </UnitTest>
    <UnitTest name="VehicleThatHasExceededMileageReturnsTrue" storage="c:\code\microservicemigration\marathon\marathon.domain.unittests\bin\debug\marathon.domain.unittests.dll" id="a5a31692-e710-07a4-6b52-d254201d0e0f">
      <Execution id="6ac95ba6-e17f-40b0-ada7-f36fa43e83c2" />
      <TestMethod codeBase="C:/Code/MicroserviceMigration/Marathon/Marathon.Domain.UnitTests/bin/Debug/Marathon.Domain.UnitTests.DLL" adapterTypeName="Microsoft.VisualStudio.TestTools.TestTypes.Unit.UnitTestAdapter, Microsoft.VisualStudio.QualityTools.Tips.UnitTest.Adapter, Version=10.0.0.0, Culture=neutral, PublicKeyToken=b03f5f7f11d50a3a" className="Marathon.Domain.UnitTests.Entities.VehicleTests.RequiresMaintenanceTests, Marathon.Domain.UnitTests, Version=1.0.0.0, Culture=neutral, PublicKeyToken=null" name="VehicleThatHasExceededMileageReturnsTrue" />
    </UnitTest>
    <UnitTest name="CanSendInvoice" storage="c:\code\microservicemigration\marathon\marathon.domain.unittests\bin\debug\marathon.domain.unittests.dll" id="b6d2dd10-a93d-30ba-de5e-996bce155f68">
      <Execution id="24de4aad-434e-4fc6-9ba0-70305c87b63a" />
      <TestMethod codeBase="C:/Code/MicroserviceMigration/Marathon/Marathon.Domain.UnitTests/bin/Debug/Marathon.Domain.UnitTests.DLL" adapterTypeName="Microsoft.VisualStudio.TestTools.TestTypes.Unit.UnitTestAdapter, Microsoft.VisualStudio.QualityTools.Tips.UnitTest.Adapter, Version=10.0.0.0, Culture=neutral, PublicKeyToken=b03f5f7f11d50a3a" className="Marathon.Domain.UnitTests.Entities.BookingTests.InvoiceTests, Marathon.Domain.UnitTests, Version=1.0.0.0, Culture=neutral, PublicKeyToken=null" name="CanSendInvoice" />
    </UnitTest>
    <UnitTest name="VehicleThatDoesntRequireMaintenanceReturnsFalse" storage="c:\code\microservicemigration\marathon\marathon.domain.unittests\bin\debug\marathon.domain.unittests.dll" id="5156cec0-4d7d-ec72-37cb-1e7f3d054528">
      <Execution id="c8eb8bb9-9c43-4c78-a814-3ce7ee517a58" />
      <TestMethod codeBase="C:/Code/MicroserviceMigration/Marathon/Marathon.Domain.UnitTests/bin/Debug/Marathon.Domain.UnitTests.DLL" adapterTypeName="Microsoft.VisualStudio.TestTools.TestTypes.Unit.UnitTestAdapter, Microsoft.VisualStudio.QualityTools.Tips.UnitTest.Adapter, Version=10.0.0.0, Culture=neutral, PublicKeyToken=b03f5f7f11d50a3a" className="Marathon.Domain.UnitTests.Entities.VehicleTests.RequiresMaintenanceTests, Marathon.Domain.UnitTests, Version=1.0.0.0, Culture=neutral, PublicKeyToken=null" name="VehicleThatDoesntRequireMaintenanceReturnsFalse" />
    </UnitTest>
    <UnitTest name="InvalidRequestFails" storage="c:\code\microservicemigration\marathon\marathon.domain.unittests\bin\debug\marathon.domain.unittests.dll" id="dfd22b97-7acf-0886-6555-1fd390fe7dfc">
      <Execution id="e0e0d5e2-3008-4c8f-88b3-1ea628269453" />
      <TestMethod codeBase="C:/Code/MicroserviceMigration/Marathon/Marathon.Domain.UnitTests/bin/Debug/Marathon.Domain.UnitTests.DLL" adapterTypeName="Microsoft.VisualStudio.TestTools.TestTypes.Unit.UnitTestAdapter, Microsoft.VisualStudio.QualityTools.Tips.UnitTest.Adapter, Version=10.0.0.0, Culture=neutral, PublicKeyToken=b03f5f7f11d50a3a" className="Marathon.Domain.UnitTests.Entities.BookingTests.ValidateMakeTests, Marathon.Domain.UnitTests, Version=1.0.0.0, Culture=neutral, PublicKeyToken=null" name="InvalidRequestFails" />
    </UnitTest>
    <UnitTest name="InvalidRequestFails" storage="c:\code\microservicemigration\marathon\marathon.domain.unittests\bin\debug\marathon.domain.unittests.dll" id="b126a3fd-6ec6-116d-9e39-e0b2fa8e0ae9">
      <Execution id="5acfabd9-9056-446f-8c35-1c23b9af085d" />
      <TestMethod codeBase="C:/Code/MicroserviceMigration/Marathon/Marathon.Domain.UnitTests/bin/Debug/Marathon.Domain.UnitTests.DLL" adapterTypeName="Microsoft.VisualStudio.TestTools.TestTypes.Unit.UnitTestAdapter, Microsoft.VisualStudio.QualityTools.Tips.UnitTest.Adapter, Version=10.0.0.0, Culture=neutral, PublicKeyToken=b03f5f7f11d50a3a" className="Marathon.Domain.UnitTests.Entities.CustomerTests.ValidateRegisterTests, Marathon.Domain.UnitTests, Version=1.0.0.0, Culture=neutral, PublicKeyToken=null" name="InvalidRequestFails" />
    </UnitTest>
    <UnitTest name="CanAddBooking" storage="c:\code\microservicemigration\marathon\marathon.integrationtest\bin\debug\marathon.integrationtest.dll" id="da894f7e-216d-e624-97f5-6c38d1c19a37">
      <Execution id="2fc0c8a0-f776-4d78-9270-53f3b673a04d" />
      <TestMethod codeBase="C:/Code/MicroserviceMigration/Marathon/Marathon.IntegrationTest/bin/Debug/Marathon.IntegrationTest.DLL" adapterTypeName="Microsoft.VisualStudio.TestTools.TestTypes.Unit.UnitTestAdapter, Microsoft.VisualStudio.QualityTools.Tips.UnitTest.Adapter, Version=10.0.0.0, Culture=neutral, PublicKeyToken=b03f5f7f11d50a3a" className="Marathon.IntegrationTest.Repositories.BookingRepositoryTest, Marathon.IntegrationTest, Version=1.0.0.0, Culture=neutral, PublicKeyToken=null" name="CanAddBooking" />
    </UnitTest>
    <UnitTest name="CanMakeBooking" storage="c:\code\microservicemigration\marathon\marathon.domain.unittests\bin\debug\marathon.domain.unittests.dll" id="055a6523-3e72-40d5-5831-d75a212692bc">
      <Execution id="0213213c-d82e-4db2-bd26-84d2b71f70c6" />
      <TestMethod codeBase="C:/Code/MicroserviceMigration/Marathon/Marathon.Domain.UnitTests/bin/Debug/Marathon.Domain.UnitTests.DLL" adapterTypeName="Microsoft.VisualStudio.TestTools.TestTypes.Unit.UnitTestAdapter, Microsoft.VisualStudio.QualityTools.Tips.UnitTest.Adapter, Version=10.0.0.0, Culture=neutral, PublicKeyToken=b03f5f7f11d50a3a" className="Marathon.Domain.UnitTests.Entities.BookingTests.MakeTests, Marathon.Domain.UnitTests, Version=1.0.0.0, Culture=neutral, PublicKeyToken=null" name="CanMakeBooking" />
    </UnitTest>
    <UnitTest name="ValidRequestPasses" storage="c:\code\microservicemigration\marathon\marathon.domain.unittests\bin\debug\marathon.domain.unittests.dll" id="bf957703-49f5-e898-0565-2d13a03cbeca">
      <Execution id="bc84b1bf-d5a4-418f-b6e9-7a4dd2153200" />
      <TestMethod codeBase="C:/Code/MicroserviceMigration/Marathon/Marathon.Domain.UnitTests/bin/Debug/Marathon.Domain.UnitTests.DLL" adapterTypeName="Microsoft.VisualStudio.TestTools.TestTypes.Unit.UnitTestAdapter, Microsoft.VisualStudio.QualityTools.Tips.UnitTest.Adapter, Version=10.0.0.0, Culture=neutral, PublicKeyToken=b03f5f7f11d50a3a" className="Marathon.Domain.UnitTests.Entities.BookingTests.ValidateMakeTests, Marathon.Domain.UnitTests, Version=1.0.0.0, Culture=neutral, PublicKeyToken=null" name="ValidRequestPasses" />
    </UnitTest>
    <UnitTest name="ValidRequestPasses" storage="c:\code\microservicemigration\marathon\marathon.domain.unittests\bin\debug\marathon.domain.unittests.dll" id="3d79f7f1-d3ab-d95c-125d-5129d98108fa">
      <Execution id="51a52173-0fd6-4322-9482-1d952f638424" />
      <TestMethod codeBase="C:/Code/MicroserviceMigration/Marathon/Marathon.Domain.UnitTests/bin/Debug/Marathon.Domain.UnitTests.DLL" adapterTypeName="Microsoft.VisualStudio.TestTools.TestTypes.Unit.UnitTestAdapter, Microsoft.VisualStudio.QualityTools.Tips.UnitTest.Adapter, Version=10.0.0.0, Culture=neutral, PublicKeyToken=b03f5f7f11d50a3a" className="Marathon.Domain.UnitTests.Entities.CustomerTests.ValidateRegisterTests, Marathon.Domain.UnitTests, Version=1.0.0.0, Culture=neutral, PublicKeyToken=null" name="ValidRequestPasses" />
    </UnitTest>
    <UnitTest name="CanRegisterCustomer" storage="c:\code\microservicemigration\marathon\marathon.domain.unittests\bin\debug\marathon.domain.unittests.dll" id="34c9a243-addd-237c-1006-a72dd5337413">
      <Execution id="248c0033-9745-4a9d-8c34-430afed30828" />
      <TestMethod codeBase="C:/Code/MicroserviceMigration/Marathon/Marathon.Domain.UnitTests/bin/Debug/Marathon.Domain.UnitTests.DLL" adapterTypeName="Microsoft.VisualStudio.TestTools.TestTypes.Unit.UnitTestAdapter, Microsoft.VisualStudio.QualityTools.Tips.UnitTest.Adapter, Version=10.0.0.0, Culture=neutral, PublicKeyToken=b03f5f7f11d50a3a" className="Marathon.Domain.UnitTests.Entities.CustomerTests.RegisterTests, Marathon.Domain.UnitTests, Version=1.0.0.0, Culture=neutral, PublicKeyToken=null" name="CanRegisterCustomer" />
    </UnitTest>
  </TestDefinitions>
  <TestLists>
    <TestList name="Results Not in a List" id="8c84fa94-04c1-424b-9868-57a2d4851a1d" />
    <TestList name="All Loaded Results" id="19431567-8539-422a-85d7-44ee4e166bda" />
  </TestLists>
  <TestEntries>
    <TestEntry testId="055a6523-3e72-40d5-5831-d75a212692bc" executionId="0213213c-d82e-4db2-bd26-84d2b71f70c6" testListId="8c84fa94-04c1-424b-9868-57a2d4851a1d" />
    <TestEntry testId="34c9a243-addd-237c-1006-a72dd5337413" executionId="248c0033-9745-4a9d-8c34-430afed30828" testListId="8c84fa94-04c1-424b-9868-57a2d4851a1d" />
    <TestEntry testId="3d79f7f1-d3ab-d95c-125d-5129d98108fa" executionId="51a52173-0fd6-4322-9482-1d952f638424" testListId="8c84fa94-04c1-424b-9868-57a2d4851a1d" />
    <TestEntry testId="5156cec0-4d7d-ec72-37cb-1e7f3d054528" executionId="c8eb8bb9-9c43-4c78-a814-3ce7ee517a58" testListId="8c84fa94-04c1-424b-9868-57a2d4851a1d" />
    <TestEntry testId="56075138-793d-d6f5-c460-fac03f7b9b93" executionId="e6922e62-12be-4c9e-91c6-c83662e98d6b" testListId="8c84fa94-04c1-424b-9868-57a2d4851a1d" />
    <TestEntry testId="a5a31692-e710-07a4-6b52-d254201d0e0f" executionId="6ac95ba6-e17f-40b0-ada7-f36fa43e83c2" testListId="8c84fa94-04c1-424b-9868-57a2d4851a1d" />
    <TestEntry testId="b126a3fd-6ec6-116d-9e39-e0b2fa8e0ae9" executionId="5acfabd9-9056-446f-8c35-1c23b9af085d" testListId="8c84fa94-04c1-424b-9868-57a2d4851a1d" />
    <TestEntry testId="b6d2dd10-a93d-30ba-de5e-996bce155f68" executionId="24de4aad-434e-4fc6-9ba0-70305c87b63a" testListId="8c84fa94-04c1-424b-9868-57a2d4851a1d" />
    <TestEntry testId="bf957703-49f5-e898-0565-2d13a03cbeca" executionId="bc84b1bf-d5a4-418f-b6e9-7a4dd2153200" testListId="8c84fa94-04c1-424b-9868-57a2d4851a1d" />
    <TestEntry testId="da894f7e-216d-e624-97f5-6c38d1c19a37" executionId="2fc0c8a0-f776-4d78-9270-53f3b673a04d" testListId="8c84fa94-04c1-424b-9868-57a2d4851a1d" />
    <TestEntry testId="dfd22b97-7acf-0886-6555-1fd390fe7dfc" executionId="e0e0d5e2-3008-4c8f-88b3-1ea628269453" testListId="8c84fa94-04c1-424b-9868-57a2d4851a1d" />
  </TestEntries>
  <Results>
    <UnitTestResult executionId="0213213c-d82e-4db2-bd26-84d2b71f70c6" testId="055a6523-3e72-40d5-5831-d75a212692bc" testName="CanMakeBooking" computerName="LUCIDITYPC" duration="00:00:00.1119059" startTime="2015-02-21T15:33:57.6633600+00:00" endTime="2015-02-21T15:33:58.3998808+00:00" testType="13cdc9d9-ddb5-4fa4-a97d-d965ccfc6d4b" outcome="Passed" testListId="8c84fa94-04c1-424b-9868-57a2d4851a1d" relativeResultsDirectory="0213213c-d82e-4db2-bd26-84d2b71f70c6">
    </UnitTestResult>
    <UnitTestResult executionId="248c0033-9745-4a9d-8c34-430afed30828" testId="34c9a243-addd-237c-1006-a72dd5337413" testName="CanRegisterCustomer" computerName="LUCIDITYPC" duration="00:00:00.0172339" startTime="2015-02-21T15:33:58.4118888+00:00" endTime="2015-02-21T15:33:58.4419105+00:00" testType="13cdc9d9-ddb5-4fa4-a97d-d965ccfc6d4b" outcome="Passed" testListId="8c84fa94-04c1-424b-9868-57a2d4851a1d" relativeResultsDirectory="248c0033-9745-4a9d-8c34-430afed30828">
    </UnitTestResult>
    <UnitTestResult executionId="51a52173-0fd6-4322-9482-1d952f638424" testId="3d79f7f1-d3ab-d95c-125d-5129d98108fa" testName="ValidRequestPasses" computerName="LUCIDITYPC" duration="00:00:00.0074253" startTime="2015-02-21T15:33:58.4589225+00:00" endTime="2015-02-21T15:33:58.4789375+00:00" testType="13cdc9d9-ddb5-4fa4-a97d-d965ccfc6d4b" outcome="Passed" testListId="8c84fa94-04c1-424b-9868-57a2d4851a1d" relativeResultsDirectory="51a52173-0fd6-4322-9482-1d952f638424">
    </UnitTestResult>
    <UnitTestResult executionId="c8eb8bb9-9c43-4c78-a814-3ce7ee517a58" testId="5156cec0-4d7d-ec72-37cb-1e7f3d054528" testName="VehicleThatDoesntRequireMaintenanceReturnsFalse" computerName="LUCIDITYPC" duration="00:00:00.0235837" startTime="2015-02-21T15:33:58.4979504+00:00" endTime="2015-02-21T15:33:58.5349762+00:00" testType="13cdc9d9-ddb5-4fa4-a97d-d965ccfc6d4b" outcome="Passed" testListId="8c84fa94-04c1-424b-9868-57a2d4851a1d" relativeResultsDirectory="c8eb8bb9-9c43-4c78-a814-3ce7ee517a58">
    </UnitTestResult>
    <UnitTestResult executionId="e6922e62-12be-4c9e-91c6-c83662e98d6b" testId="56075138-793d-d6f5-c460-fac03f7b9b93" testName="VehicleThatHasExceededDurationReturnsTrue" computerName="LUCIDITYPC" duration="00:00:00.0015220" startTime="2015-02-21T15:33:58.5459839+00:00" endTime="2015-02-21T15:33:58.5589935+00:00" testType="13cdc9d9-ddb5-4fa4-a97d-d965ccfc6d4b" outcome="Passed" testListId="8c84fa94-04c1-424b-9868-57a2d4851a1d" relativeResultsDirectory="e6922e62-12be-4c9e-91c6-c83662e98d6b">
    </UnitTestResult>
    <UnitTestResult executionId="6ac95ba6-e17f-40b0-ada7-f36fa43e83c2" testId="a5a31692-e710-07a4-6b52-d254201d0e0f" testName="VehicleThatHasExceededMileageReturnsTrue" computerName="LUCIDITYPC" duration="00:00:00.0014497" startTime="2015-02-21T15:33:58.5740037+00:00" endTime="2015-02-21T15:33:58.5890147+00:00" testType="13cdc9d9-ddb5-4fa4-a97d-d965ccfc6d4b" outcome="Passed" testListId="8c84fa94-04c1-424b-9868-57a2d4851a1d" relativeResultsDirectory="6ac95ba6-e17f-40b0-ada7-f36fa43e83c2">
    </UnitTestResult>
    <UnitTestResult executionId="5acfabd9-9056-446f-8c35-1c23b9af085d" testId="b126a3fd-6ec6-116d-9e39-e0b2fa8e0ae9" testName="InvalidRequestFails" computerName="LUCIDITYPC" duration="00:00:00.0074308" startTime="2015-02-21T15:33:58.6040236+00:00" endTime="2015-02-21T15:33:58.6220380+00:00" testType="13cdc9d9-ddb5-4fa4-a97d-d965ccfc6d4b" outcome="Passed" testListId="8c84fa94-04c1-424b-9868-57a2d4851a1d" relativeResultsDirectory="5acfabd9-9056-446f-8c35-1c23b9af085d">
    </UnitTestResult>
    <UnitTestResult executionId="24de4aad-434e-4fc6-9ba0-70305c87b63a" testId="b6d2dd10-a93d-30ba-de5e-996bce155f68" testName="CanSendInvoice" computerName="LUCIDITYPC" duration="00:00:00.6511092" startTime="2015-02-21T15:33:58.6330458+00:00" endTime="2015-02-21T15:33:59.2965129+00:00" testType="13cdc9d9-ddb5-4fa4-a97d-d965ccfc6d4b" outcome="Passed" testListId="8c84fa94-04c1-424b-9868-57a2d4851a1d" relativeResultsDirectory="24de4aad-434e-4fc6-9ba0-70305c87b63a">
    </UnitTestResult>
    <UnitTestResult executionId="bc84b1bf-d5a4-418f-b6e9-7a4dd2153200" testId="bf957703-49f5-e898-0565-2d13a03cbeca" testName="ValidRequestPasses" computerName="LUCIDITYPC" duration="00:00:00.0099330" startTime="2015-02-21T15:33:59.3105241+00:00" endTime="2015-02-21T15:33:59.3315394+00:00" testType="13cdc9d9-ddb5-4fa4-a97d-d965ccfc6d4b" outcome="Passed" testListId="8c84fa94-04c1-424b-9868-57a2d4851a1d" relativeResultsDirectory="bc84b1bf-d5a4-418f-b6e9-7a4dd2153200">
    </UnitTestResult>
    <UnitTestResult executionId="2fc0c8a0-f776-4d78-9270-53f3b673a04d" testId="da894f7e-216d-e624-97f5-6c38d1c19a37" testName="CanAddBooking" computerName="LUCIDITYPC" duration="00:00:12.2667844" startTime="2015-02-21T15:33:59.3465491+00:00" endTime="2015-02-21T15:34:13.1744255+00:00" testType="13cdc9d9-ddb5-4fa4-a97d-d965ccfc6d4b" outcome="Passed" testListId="8c84fa94-04c1-424b-9868-57a2d4851a1d" relativeResultsDirectory="2fc0c8a0-f776-4d78-9270-53f3b673a04d">
    </UnitTestResult>
    <UnitTestResult executionId="e0e0d5e2-3008-4c8f-88b3-1ea628269453" testId="dfd22b97-7acf-0886-6555-1fd390fe7dfc" testName="InvalidRequestFails" computerName="LUCIDITYPC" duration="00:00:00.0026599" startTime="2015-02-21T15:34:13.1834040+00:00" endTime="2015-02-21T15:34:13.1924382+00:00" testType="13cdc9d9-ddb5-4fa4-a97d-d965ccfc6d4b" outcome="Passed" testListId="8c84fa94-04c1-424b-9868-57a2d4851a1d" relativeResultsDirectory="e0e0d5e2-3008-4c8f-88b3-1ea628269453">
    </UnitTestResult>
  </Results>
</TestRun>