<?xml version="1.0" encoding="UTF-8"?>
<TestRun id="09c69dcd-b67f-43bc-8888-546eef089ce7" name="Paul@LUCIDITYPC 2015-02-21 14:40:44" runUser="LucidityPc\Paul" xmlns="http://microsoft.com/schemas/VisualStudio/TeamTest/2010">
  <TestSettings name="Local" id="454fff11-78e4-46b1-93ba-f0be7b533939">
    <Description>These are default test settings for a local test run.</Description>
    <Deployment enabled="false" runDeploymentRoot="Paul_LUCIDITYPC 2015-02-21 14_40_44">
      <DeploymentItem filename="C:\Code\MicroserviceMigration\Marathon\packages\EntityFramework.6.1.1\lib\net40\EntityFramework.SqlServer.dll" />
      <DeploymentItem filename="C:\Code\MicroserviceMigration\Marathon\packages\Unofficial.Microsoft.SQLServer.SMO.2014.12.0.2000.8\lib\Microsoft.SqlServer.ConnectionInfo.dll" />
      <DeploymentItem filename="C:\Code\MicroserviceMigration\Marathon\packages\Unofficial.Microsoft.SQLServer.SMO.2014.12.0.2000.8\lib\Microsoft.SqlServer.ConnectionInfoExtended.dll" />
      <DeploymentItem filename="C:\Code\MicroserviceMigration\Marathon\packages\EntityFramework.6.1.1\lib\net40\EntityFramework.dll" />
      <DeploymentItem filename="C:\Code\MicroserviceMigration\Marathon\packages\Unofficial.Microsoft.SQLServer.SMO.2014.12.0.2000.8\lib\Microsoft.SqlServer.SqlEnum.dll" />
      <DeploymentItem filename="C:\Code\MicroserviceMigration\Marathon\packages\Unofficial.Microsoft.SQLServer.SMO.2014.12.0.2000.8\lib\Microsoft.SqlServer.SqlClrProvider.dll" />
      <DeploymentItem filename="C:\Code\MicroserviceMigration\Marathon\packages\Unofficial.Microsoft.SQLServer.SMO.2014.12.0.2000.8\lib\Microsoft.SqlServer.Smo.dll" />
      <DeploymentItem filename="C:\Code\MicroserviceMigration\Marathon\packages\Unofficial.Microsoft.SQLServer.SMO.2014.12.0.2000.8\lib\Microsoft.SqlServer.SmoExtended.dll" />
      <DeploymentItem filename="C:\Code\MicroserviceMigration\Marathon\packages\Ninject.3.2.3-unstable-012\lib\net40\Ninject.dll" />
      <DeploymentItem filename="C:\Code\MicroserviceMigration\Marathon\Marathon.Data\bin\Debug\Marathon.Data.dll" />
      <DeploymentItem filename="C:\Code\MicroserviceMigration\Marathon\packages\Unofficial.Microsoft.SQLServer.SMO.2014.12.0.2000.8\lib\Microsoft.SqlServer.Management.Sdk.Sfc.dll" />
      <DeploymentItem filename="C:\Code\MicroserviceMigration\Marathon\Marathon.Domain\bin\Debug\Marathon.Domain.dll" />
    </Deployment>
    <Execution>
      <TestTypeSpecific />
      <AgentRule name="Execution Agents">
      </AgentRule>
    </Execution>
  </TestSettings>
  <Times creation="2015-02-21T14:40:44.5650274+00:00" queuing="2015-02-21T14:40:45.8135430+00:00" start="2015-02-21T14:40:45.9836635+00:00" finish="2015-02-21T14:40:50.9915088+00:00" />
  <ResultSummary outcome="Failed">
    <Counters total="1" executed="1" error="0" failed="1" timeout="0" aborted="0" inconclusive="0" passedButRunAborted="0" notRunnable="0" notExecuted="0" disconnected="0" warning="0" passed="0" completed="0" inProgress="0" pending="0" />
  </ResultSummary>
  <TestDefinitions>
    <UnitTest name="CanAddBooking" storage="c:\code\microservicemigration\marathon\marathon.integrationtest\bin\debug\marathon.integrationtest.dll" id="da894f7e-216d-e624-97f5-6c38d1c19a37">
      <Execution id="3eb4e912-17a2-4f46-a789-46331e23f0e7" />
      <TestMethod codeBase="C:/Code/MicroserviceMigration/Marathon/Marathon.IntegrationTest/bin/Debug/Marathon.IntegrationTest.DLL" adapterTypeName="Microsoft.VisualStudio.TestTools.TestTypes.Unit.UnitTestAdapter, Microsoft.VisualStudio.QualityTools.Tips.UnitTest.Adapter, Version=10.0.0.0, Culture=neutral, PublicKeyToken=b03f5f7f11d50a3a" className="Marathon.IntegrationTest.Repositories.BookingRepositoryTest, Marathon.IntegrationTest, Version=1.0.0.0, Culture=neutral, PublicKeyToken=null" name="CanAddBooking" />
    </UnitTest>
  </TestDefinitions>
  <TestLists>
    <TestList name="Results Not in a List" id="8c84fa94-04c1-424b-9868-57a2d4851a1d" />
    <TestList name="All Loaded Results" id="19431567-8539-422a-85d7-44ee4e166bda" />
  </TestLists>
  <TestEntries>
    <TestEntry testId="da894f7e-216d-e624-97f5-6c38d1c19a37" executionId="3eb4e912-17a2-4f46-a789-46331e23f0e7" testListId="8c84fa94-04c1-424b-9868-57a2d4851a1d" />
  </TestEntries>
  <Results>
    <UnitTestResult executionId="3eb4e912-17a2-4f46-a789-46331e23f0e7" testId="da894f7e-216d-e624-97f5-6c38d1c19a37" testName="CanAddBooking" computerName="LUCIDITYPC" duration="00:00:01.9894917" startTime="2015-02-21T14:40:46.0086812+00:00" endTime="2015-02-21T14:40:49.2390271+00:00" testType="13cdc9d9-ddb5-4fa4-a97d-d965ccfc6d4b" outcome="Failed" testListId="8c84fa94-04c1-424b-9868-57a2d4851a1d" relativeResultsDirectory="3eb4e912-17a2-4f46-a789-46331e23f0e7">
      <Output>
        <ErrorInfo>
          <Message>Initialization method Marathon.IntegrationTest.Repositories.BookingRepositoryTest.SetUp threw exception. Microsoft.SqlServer.Management.Common.ExecutionFailureException: Microsoft.SqlServer.Management.Common.ExecutionFailureException: An exception occurred while executing a Transact-SQL statement or batch. ---&gt; System.Data.SqlClient.SqlException: Invalid column name 'PricePerMile'..</Message>
          <StackTrace>    at Microsoft.SqlServer.Management.Common.ConnectionManager.ExecuteTSql(ExecuteTSqlAction action, Object execObject, DataSet fillDataSet, Boolean catchException)
   at Microsoft.SqlServer.Management.Common.ServerConnection.ExecuteNonQuery(String sqlCommand, ExecutionTypes executionType)
 --- End of inner exception stack trace ---
    at Microsoft.SqlServer.Management.Common.ServerConnection.ExecuteNonQuery(String sqlCommand, ExecutionTypes executionType)
   at Microsoft.SqlServer.Management.Common.ServerConnection.ExecuteNonQuery(String sqlCommand)
   at Marathon.IntegrationTests.Common.ScriptRunner.RunScript() in C:\Code\MicroserviceMigration\Marathon\Marathon.IntegrationTest\Common\ScriptRunner.cs:line 20
   at Marathon.IntegrationTest.Repositories.BookingRepositoryTest.SetUp() in C:\Code\MicroserviceMigration\Marathon\Marathon.IntegrationTest\Repositories\BookingRepositoryTest.cs:line 33
</StackTrace>
        </ErrorInfo>
      </Output>
    </UnitTestResult>
  </Results>
</TestRun>