<?xml version="1.0" encoding="UTF-8"?>
<TestRun id="f3b922e4-9192-4312-a13f-aa54db339e51" name="Paul@LUCIDITYPC 2015-02-22 10:13:26" runUser="LucidityPc\Paul" xmlns="http://microsoft.com/schemas/VisualStudio/TeamTest/2010">
  <TestSettings name="Local" id="454fff11-78e4-46b1-93ba-f0be7b533939">
    <Description>These are default test settings for a local test run.</Description>
    <Deployment enabled="false" runDeploymentRoot="Paul_LUCIDITYPC 2015-02-22 10_13_26">
      <DeploymentItem filename="C:\Code\MicroserviceMigration\Marathon\packages\Moq.4.2.1409.1722\lib\net40\Moq.dll" />
      <DeploymentItem filename="C:\Code\MicroserviceMigration\Marathon\Marathon.Domain\bin\Debug\Marathon.Domain.dll" />
    </Deployment>
    <Execution>
      <TestTypeSpecific />
      <AgentRule name="Execution Agents">
      </AgentRule>
    </Execution>
  </TestSettings>
  <Times creation="2015-02-22T10:13:26.9344878+00:00" queuing="2015-02-22T10:13:29.1552548+00:00" start="2015-02-22T10:13:29.3103643+00:00" finish="2015-02-22T10:13:31.8861819+00:00" />
  <ResultSummary outcome="Completed">
    <Counters total="1" executed="1" passed="1" error="0" failed="0" timeout="0" aborted="0" inconclusive="0" passedButRunAborted="0" notRunnable="0" notExecuted="0" disconnected="0" warning="0" completed="0" inProgress="0" pending="0" />
  </ResultSummary>
  <TestDefinitions>
    <UnitTest name="EmailIsGenerated" storage="c:\code\microservicemigration\marathon\marathon.domain.unittests\bin\debug\marathon.domain.unittests.dll" id="a17bd784-3a7c-e027-85e8-4d9ea375a2b4">
      <Execution id="1427a85c-04b3-40a2-a631-c444918ba757" />
      <TestMethod codeBase="C:/Code/MicroserviceMigration/Marathon/Marathon.Domain.UnitTests/bin/Debug/Marathon.Domain.UnitTests.DLL" adapterTypeName="Microsoft.VisualStudio.TestTools.TestTypes.Unit.UnitTestAdapter, Microsoft.VisualStudio.QualityTools.Tips.UnitTest.Adapter, Version=10.0.0.0, Culture=neutral, PublicKeyToken=b03f5f7f11d50a3a" className="Marathon.Domain.UnitTests.Entities.InvoiceTests.GenerateTests, Marathon.Domain.UnitTests, Version=1.0.0.0, Culture=neutral, PublicKeyToken=null" name="EmailIsGenerated" />
    </UnitTest>
  </TestDefinitions>
  <TestLists>
    <TestList name="Results Not in a List" id="8c84fa94-04c1-424b-9868-57a2d4851a1d" />
    <TestList name="All Loaded Results" id="19431567-8539-422a-85d7-44ee4e166bda" />
  </TestLists>
  <TestEntries>
    <TestEntry testId="a17bd784-3a7c-e027-85e8-4d9ea375a2b4" executionId="1427a85c-04b3-40a2-a631-c444918ba757" testListId="8c84fa94-04c1-424b-9868-57a2d4851a1d" />
  </TestEntries>
  <Results>
    <UnitTestResult executionId="1427a85c-04b3-40a2-a631-c444918ba757" testId="a17bd784-3a7c-e027-85e8-4d9ea375a2b4" testName="EmailIsGenerated" computerName="LUCIDITYPC" duration="00:00:00.7223655" startTime="2015-02-22T10:13:29.3934298+00:00" endTime="2015-02-22T10:13:31.3888316+00:00" testType="13cdc9d9-ddb5-4fa4-a97d-d965ccfc6d4b" outcome="Passed" testListId="8c84fa94-04c1-424b-9868-57a2d4851a1d" relativeResultsDirectory="1427a85c-04b3-40a2-a631-c444918ba757">
    </UnitTestResult>
  </Results>
</TestRun>