<?xml version="1.0" encoding="UTF-8"?>
<TestRun id="8a548c1d-2d3a-485f-a217-134bbaba82c5" name="Paul@LUCIDITYPC 2015-01-08 11:47:21" runUser="LucidityPc\Paul" xmlns="http://microsoft.com/schemas/VisualStudio/TeamTest/2010">
  <TestSettings name="Local" id="454fff11-78e4-46b1-93ba-f0be7b533939">
    <Description>These are default test settings for a local test run.</Description>
    <Deployment enabled="false" runDeploymentRoot="Paul_LUCIDITYPC 2015-01-08 11_47_21">
      <DeploymentItem filename="C:\Code\MicroserviceMigration\Marathon\packages\EntityFramework.6.1.1\lib\net40\EntityFramework.SqlServer.dll" />
      <DeploymentItem filename="C:\Code\MicroserviceMigration\Marathon\Marathon.Data\bin\Debug\Marathon.Data.dll" />
      <DeploymentItem filename="C:\Code\MicroserviceMigration\Marathon\packages\Unofficial.Microsoft.SQLServer.SMO.2014.12.0.2000.8\lib\Microsoft.SqlServer.SmoExtended.dll" />
      <DeploymentItem filename="C:\Code\MicroserviceMigration\Marathon\Marathon.Domain\bin\Debug\Marathon.Domain.dll" />
      <DeploymentItem filename="C:\Code\MicroserviceMigration\Marathon\packages\Unofficial.Microsoft.SQLServer.SMO.2014.12.0.2000.8\lib\Microsoft.SqlServer.SqlEnum.dll" />
      <DeploymentItem filename="C:\Code\MicroserviceMigration\Marathon\packages\Unofficial.Microsoft.SQLServer.SMO.2014.12.0.2000.8\lib\Microsoft.SqlServer.SqlClrProvider.dll" />
      <DeploymentItem filename="C:\Code\MicroserviceMigration\Marathon\packages\Ninject.3.2.2.0\lib\net40\Ninject.dll" />
      <DeploymentItem filename="C:\Code\MicroserviceMigration\Marathon\packages\Unofficial.Microsoft.SQLServer.SMO.2014.12.0.2000.8\lib\Microsoft.SqlServer.ConnectionInfoExtended.dll" />
      <DeploymentItem filename="C:\Code\MicroserviceMigration\Marathon\packages\Unofficial.Microsoft.SQLServer.SMO.2014.12.0.2000.8\lib\Microsoft.SqlServer.Smo.dll" />
      <DeploymentItem filename="C:\Code\MicroserviceMigration\Marathon\packages\Moq.4.2.1409.1722\lib\net40\Moq.dll" />
      <DeploymentItem filename="C:\Code\MicroserviceMigration\Marathon\packages\Unofficial.Microsoft.SQLServer.SMO.2014.12.0.2000.8\lib\Microsoft.SqlServer.ConnectionInfo.dll" />
      <DeploymentItem filename="C:\Code\MicroserviceMigration\Marathon\packages\Unofficial.Microsoft.SQLServer.SMO.2014.12.0.2000.8\lib\Microsoft.SqlServer.Management.Sdk.Sfc.dll" />
      <DeploymentItem filename="C:\Code\MicroserviceMigration\Marathon\packages\EntityFramework.6.1.1\lib\net40\EntityFramework.dll" />
    </Deployment>
    <Execution>
      <TestTypeSpecific />
      <AgentRule name="Execution Agents">
      </AgentRule>
    </Execution>
  </TestSettings>
  <Times creation="2015-01-08T11:47:21.5383007+00:00" queuing="2015-01-08T11:47:23.3309310+00:00" start="2015-01-08T11:47:23.5160619+00:00" finish="2015-01-08T11:47:37.8386520+00:00" />
  <ResultSummary outcome="Completed">
    <Counters total="11" executed="11" passed="11" error="0" failed="0" timeout="0" aborted="0" inconclusive="0" passedButRunAborted="0" notRunnable="0" notExecuted="0" disconnected="0" warning="0" completed="0" inProgress="0" pending="0" />
  </ResultSummary>
  <TestDefinitions>
    <UnitTest name="VehicleThatHasExceededDurationReturnsTrue" storage="c:\code\microservicemigration\marathon\marathon.domain.unittests\bin\debug\marathon.domain.unittests.dll" id="56075138-793d-d6f5-c460-fac03f7b9b93">
      <Execution id="1a4b2bf5-9484-4d73-ac9e-642964060499" />
      <TestMethod codeBase="C:/Code/MicroserviceMigration/Marathon/Marathon.Domain.UnitTests/bin/Debug/Marathon.Domain.UnitTests.DLL" adapterTypeName="Microsoft.VisualStudio.TestTools.TestTypes.Unit.UnitTestAdapter, Microsoft.VisualStudio.QualityTools.Tips.UnitTest.Adapter, Version=10.0.0.0, Culture=neutral, PublicKeyToken=b03f5f7f11d50a3a" className="Marathon.Domain.UnitTests.Entities.VehicleTests.RequiresMaintenanceTests, Marathon.Domain.UnitTests, Version=1.0.0.0, Culture=neutral, PublicKeyToken=null" name="VehicleThatHasExceededDurationReturnsTrue" />
    </UnitTest>
    <UnitTest name="VehicleThatHasExceededMileageReturnsTrue" storage="c:\code\microservicemigration\marathon\marathon.domain.unittests\bin\debug\marathon.domain.unittests.dll" id="a5a31692-e710-07a4-6b52-d254201d0e0f">
      <Execution id="b5d6eee8-2224-4057-8b0e-cd8dab20bf6a" />
      <TestMethod codeBase="C:/Code/MicroserviceMigration/Marathon/Marathon.Domain.UnitTests/bin/Debug/Marathon.Domain.UnitTests.DLL" adapterTypeName="Microsoft.VisualStudio.TestTools.TestTypes.Unit.UnitTestAdapter, Microsoft.VisualStudio.QualityTools.Tips.UnitTest.Adapter, Version=10.0.0.0, Culture=neutral, PublicKeyToken=b03f5f7f11d50a3a" className="Marathon.Domain.UnitTests.Entities.VehicleTests.RequiresMaintenanceTests, Marathon.Domain.UnitTests, Version=1.0.0.0, Culture=neutral, PublicKeyToken=null" name="VehicleThatHasExceededMileageReturnsTrue" />
    </UnitTest>
    <UnitTest name="CanSendInvoice" storage="c:\code\microservicemigration\marathon\marathon.domain.unittests\bin\debug\marathon.domain.unittests.dll" id="b6d2dd10-a93d-30ba-de5e-996bce155f68">
      <Execution id="667cafcd-1456-417b-9558-f44cde396076" />
      <TestMethod codeBase="C:/Code/MicroserviceMigration/Marathon/Marathon.Domain.UnitTests/bin/Debug/Marathon.Domain.UnitTests.DLL" adapterTypeName="Microsoft.VisualStudio.TestTools.TestTypes.Unit.UnitTestAdapter, Microsoft.VisualStudio.QualityTools.Tips.UnitTest.Adapter, Version=10.0.0.0, Culture=neutral, PublicKeyToken=b03f5f7f11d50a3a" className="Marathon.Domain.UnitTests.Entities.BookingTests.InvoiceTests, Marathon.Domain.UnitTests, Version=1.0.0.0, Culture=neutral, PublicKeyToken=null" name="CanSendInvoice" />
    </UnitTest>
    <UnitTest name="VehicleThatDoesntRequireMaintenanceReturnsFalse" storage="c:\code\microservicemigration\marathon\marathon.domain.unittests\bin\debug\marathon.domain.unittests.dll" id="5156cec0-4d7d-ec72-37cb-1e7f3d054528">
      <Execution id="eed9feba-ad8e-45da-9047-ab01df9c60c5" />
      <TestMethod codeBase="C:/Code/MicroserviceMigration/Marathon/Marathon.Domain.UnitTests/bin/Debug/Marathon.Domain.UnitTests.DLL" adapterTypeName="Microsoft.VisualStudio.TestTools.TestTypes.Unit.UnitTestAdapter, Microsoft.VisualStudio.QualityTools.Tips.UnitTest.Adapter, Version=10.0.0.0, Culture=neutral, PublicKeyToken=b03f5f7f11d50a3a" className="Marathon.Domain.UnitTests.Entities.VehicleTests.RequiresMaintenanceTests, Marathon.Domain.UnitTests, Version=1.0.0.0, Culture=neutral, PublicKeyToken=null" name="VehicleThatDoesntRequireMaintenanceReturnsFalse" />
    </UnitTest>
    <UnitTest name="InvalidRequestFails" storage="c:\code\microservicemigration\marathon\marathon.domain.unittests\bin\debug\marathon.domain.unittests.dll" id="dfd22b97-7acf-0886-6555-1fd390fe7dfc">
      <Execution id="1fe2541a-a63f-4b65-aed6-b67fbfe04d2c" />
      <TestMethod codeBase="C:/Code/MicroserviceMigration/Marathon/Marathon.Domain.UnitTests/bin/Debug/Marathon.Domain.UnitTests.DLL" adapterTypeName="Microsoft.VisualStudio.TestTools.TestTypes.Unit.UnitTestAdapter, Microsoft.VisualStudio.QualityTools.Tips.UnitTest.Adapter, Version=10.0.0.0, Culture=neutral, PublicKeyToken=b03f5f7f11d50a3a" className="Marathon.Domain.UnitTests.Entities.BookingTests.ValidateMakeTests, Marathon.Domain.UnitTests, Version=1.0.0.0, Culture=neutral, PublicKeyToken=null" name="InvalidRequestFails" />
    </UnitTest>
    <UnitTest name="InvalidRequestFails" storage="c:\code\microservicemigration\marathon\marathon.domain.unittests\bin\debug\marathon.domain.unittests.dll" id="b126a3fd-6ec6-116d-9e39-e0b2fa8e0ae9">
      <Execution id="0d30cf77-bdaa-475d-9a0c-9f72a835749e" />
      <TestMethod codeBase="C:/Code/MicroserviceMigration/Marathon/Marathon.Domain.UnitTests/bin/Debug/Marathon.Domain.UnitTests.DLL" adapterTypeName="Microsoft.VisualStudio.TestTools.TestTypes.Unit.UnitTestAdapter, Microsoft.VisualStudio.QualityTools.Tips.UnitTest.Adapter, Version=10.0.0.0, Culture=neutral, PublicKeyToken=b03f5f7f11d50a3a" className="Marathon.Domain.UnitTests.Entities.CustomerTests.ValidateRegisterTests, Marathon.Domain.UnitTests, Version=1.0.0.0, Culture=neutral, PublicKeyToken=null" name="InvalidRequestFails" />
    </UnitTest>
    <UnitTest name="CanAddBooking" storage="c:\code\microservicemigration\marathon\marathon.integrationtest\bin\debug\marathon.integrationtest.dll" id="da894f7e-216d-e624-97f5-6c38d1c19a37">
      <Execution id="e415af2a-8a6b-418a-9f0c-2a066007b27d" />
      <TestMethod codeBase="C:/Code/MicroserviceMigration/Marathon/Marathon.IntegrationTest/bin/Debug/Marathon.IntegrationTest.DLL" adapterTypeName="Microsoft.VisualStudio.TestTools.TestTypes.Unit.UnitTestAdapter, Microsoft.VisualStudio.QualityTools.Tips.UnitTest.Adapter, Version=10.0.0.0, Culture=neutral, PublicKeyToken=b03f5f7f11d50a3a" className="Marathon.IntegrationTest.Repositories.BookingRepositoryTest, Marathon.IntegrationTest, Version=1.0.0.0, Culture=neutral, PublicKeyToken=null" name="CanAddBooking" />
    </UnitTest>
    <UnitTest name="CanMakeBooking" storage="c:\code\microservicemigration\marathon\marathon.domain.unittests\bin\debug\marathon.domain.unittests.dll" id="055a6523-3e72-40d5-5831-d75a212692bc">
      <Execution id="e4a6468b-3d42-4195-96a3-27eeb51fd31c" />
      <TestMethod codeBase="C:/Code/MicroserviceMigration/Marathon/Marathon.Domain.UnitTests/bin/Debug/Marathon.Domain.UnitTests.DLL" adapterTypeName="Microsoft.VisualStudio.TestTools.TestTypes.Unit.UnitTestAdapter, Microsoft.VisualStudio.QualityTools.Tips.UnitTest.Adapter, Version=10.0.0.0, Culture=neutral, PublicKeyToken=b03f5f7f11d50a3a" className="Marathon.Domain.UnitTests.Entities.BookingTests.MakeTests, Marathon.Domain.UnitTests, Version=1.0.0.0, Culture=neutral, PublicKeyToken=null" name="CanMakeBooking" />
    </UnitTest>
    <UnitTest name="ValidRequestPasses" storage="c:\code\microservicemigration\marathon\marathon.domain.unittests\bin\debug\marathon.domain.unittests.dll" id="bf957703-49f5-e898-0565-2d13a03cbeca">
      <Execution id="1ffd0c3e-65c0-4e8f-a6e3-f4719d5d2535" />
      <TestMethod codeBase="C:/Code/MicroserviceMigration/Marathon/Marathon.Domain.UnitTests/bin/Debug/Marathon.Domain.UnitTests.DLL" adapterTypeName="Microsoft.VisualStudio.TestTools.TestTypes.Unit.UnitTestAdapter, Microsoft.VisualStudio.QualityTools.Tips.UnitTest.Adapter, Version=10.0.0.0, Culture=neutral, PublicKeyToken=b03f5f7f11d50a3a" className="Marathon.Domain.UnitTests.Entities.BookingTests.ValidateMakeTests, Marathon.Domain.UnitTests, Version=1.0.0.0, Culture=neutral, PublicKeyToken=null" name="ValidRequestPasses" />
    </UnitTest>
    <UnitTest name="ValidRequestPasses" storage="c:\code\microservicemigration\marathon\marathon.domain.unittests\bin\debug\marathon.domain.unittests.dll" id="3d79f7f1-d3ab-d95c-125d-5129d98108fa">
      <Execution id="96ce7ee3-0186-4d5a-a062-7726fac7556f" />
      <TestMethod codeBase="C:/Code/MicroserviceMigration/Marathon/Marathon.Domain.UnitTests/bin/Debug/Marathon.Domain.UnitTests.DLL" adapterTypeName="Microsoft.VisualStudio.TestTools.TestTypes.Unit.UnitTestAdapter, Microsoft.VisualStudio.QualityTools.Tips.UnitTest.Adapter, Version=10.0.0.0, Culture=neutral, PublicKeyToken=b03f5f7f11d50a3a" className="Marathon.Domain.UnitTests.Entities.CustomerTests.ValidateRegisterTests, Marathon.Domain.UnitTests, Version=1.0.0.0, Culture=neutral, PublicKeyToken=null" name="ValidRequestPasses" />
    </UnitTest>
    <UnitTest name="CanRegisterCustomer" storage="c:\code\microservicemigration\marathon\marathon.domain.unittests\bin\debug\marathon.domain.unittests.dll" id="34c9a243-addd-237c-1006-a72dd5337413">
      <Execution id="87cad0fc-f578-4a29-a858-6de6bd8fee9d" />
      <TestMethod codeBase="C:/Code/MicroserviceMigration/Marathon/Marathon.Domain.UnitTests/bin/Debug/Marathon.Domain.UnitTests.DLL" adapterTypeName="Microsoft.VisualStudio.TestTools.TestTypes.Unit.UnitTestAdapter, Microsoft.VisualStudio.QualityTools.Tips.UnitTest.Adapter, Version=10.0.0.0, Culture=neutral, PublicKeyToken=b03f5f7f11d50a3a" className="Marathon.Domain.UnitTests.Entities.CustomerTests.RegisterTests, Marathon.Domain.UnitTests, Version=1.0.0.0, Culture=neutral, PublicKeyToken=null" name="CanRegisterCustomer" />
    </UnitTest>
  </TestDefinitions>
  <TestLists>
    <TestList name="Results Not in a List" id="8c84fa94-04c1-424b-9868-57a2d4851a1d" />
    <TestList name="All Loaded Results" id="19431567-8539-422a-85d7-44ee4e166bda" />
  </TestLists>
  <TestEntries>
    <TestEntry testId="055a6523-3e72-40d5-5831-d75a212692bc" executionId="e4a6468b-3d42-4195-96a3-27eeb51fd31c" testListId="8c84fa94-04c1-424b-9868-57a2d4851a1d" />
    <TestEntry testId="34c9a243-addd-237c-1006-a72dd5337413" executionId="87cad0fc-f578-4a29-a858-6de6bd8fee9d" testListId="8c84fa94-04c1-424b-9868-57a2d4851a1d" />
    <TestEntry testId="3d79f7f1-d3ab-d95c-125d-5129d98108fa" executionId="96ce7ee3-0186-4d5a-a062-7726fac7556f" testListId="8c84fa94-04c1-424b-9868-57a2d4851a1d" />
    <TestEntry testId="5156cec0-4d7d-ec72-37cb-1e7f3d054528" executionId="eed9feba-ad8e-45da-9047-ab01df9c60c5" testListId="8c84fa94-04c1-424b-9868-57a2d4851a1d" />
    <TestEntry testId="56075138-793d-d6f5-c460-fac03f7b9b93" executionId="1a4b2bf5-9484-4d73-ac9e-642964060499" testListId="8c84fa94-04c1-424b-9868-57a2d4851a1d" />
    <TestEntry testId="a5a31692-e710-07a4-6b52-d254201d0e0f" executionId="b5d6eee8-2224-4057-8b0e-cd8dab20bf6a" testListId="8c84fa94-04c1-424b-9868-57a2d4851a1d" />
    <TestEntry testId="b126a3fd-6ec6-116d-9e39-e0b2fa8e0ae9" executionId="0d30cf77-bdaa-475d-9a0c-9f72a835749e" testListId="8c84fa94-04c1-424b-9868-57a2d4851a1d" />
    <TestEntry testId="b6d2dd10-a93d-30ba-de5e-996bce155f68" executionId="667cafcd-1456-417b-9558-f44cde396076" testListId="8c84fa94-04c1-424b-9868-57a2d4851a1d" />
    <TestEntry testId="bf957703-49f5-e898-0565-2d13a03cbeca" executionId="1ffd0c3e-65c0-4e8f-a6e3-f4719d5d2535" testListId="8c84fa94-04c1-424b-9868-57a2d4851a1d" />
    <TestEntry testId="da894f7e-216d-e624-97f5-6c38d1c19a37" executionId="e415af2a-8a6b-418a-9f0c-2a066007b27d" testListId="8c84fa94-04c1-424b-9868-57a2d4851a1d" />
    <TestEntry testId="dfd22b97-7acf-0886-6555-1fd390fe7dfc" executionId="1fe2541a-a63f-4b65-aed6-b67fbfe04d2c" testListId="8c84fa94-04c1-424b-9868-57a2d4851a1d" />
  </TestEntries>
  <Results>
    <UnitTestResult executionId="e4a6468b-3d42-4195-96a3-27eeb51fd31c" testId="055a6523-3e72-40d5-5831-d75a212692bc" testName="CanMakeBooking" computerName="LUCIDITYPC" duration="00:00:00.0831635" startTime="2015-01-08T11:47:23.5861110+00:00" endTime="2015-01-08T11:47:24.3542240+00:00" testType="13cdc9d9-ddb5-4fa4-a97d-d965ccfc6d4b" outcome="Passed" testListId="8c84fa94-04c1-424b-9868-57a2d4851a1d" relativeResultsDirectory="e4a6468b-3d42-4195-96a3-27eeb51fd31c">
    </UnitTestResult>
    <UnitTestResult executionId="87cad0fc-f578-4a29-a858-6de6bd8fee9d" testId="34c9a243-addd-237c-1006-a72dd5337413" testName="CanRegisterCustomer" computerName="LUCIDITYPC" duration="00:00:00.0122073" startTime="2015-01-08T11:47:24.3622241+00:00" endTime="2015-01-08T11:47:24.3932460+00:00" testType="13cdc9d9-ddb5-4fa4-a97d-d965ccfc6d4b" outcome="Passed" testListId="8c84fa94-04c1-424b-9868-57a2d4851a1d" relativeResultsDirectory="87cad0fc-f578-4a29-a858-6de6bd8fee9d">
    </UnitTestResult>
    <UnitTestResult executionId="96ce7ee3-0186-4d5a-a062-7726fac7556f" testId="3d79f7f1-d3ab-d95c-125d-5129d98108fa" testName="ValidRequestPasses" computerName="LUCIDITYPC" duration="00:00:00.0050651" startTime="2015-01-08T11:47:24.4022596+00:00" endTime="2015-01-08T11:47:24.4132593+00:00" testType="13cdc9d9-ddb5-4fa4-a97d-d965ccfc6d4b" outcome="Passed" testListId="8c84fa94-04c1-424b-9868-57a2d4851a1d" relativeResultsDirectory="96ce7ee3-0186-4d5a-a062-7726fac7556f">
    </UnitTestResult>
    <UnitTestResult executionId="eed9feba-ad8e-45da-9047-ab01df9c60c5" testId="5156cec0-4d7d-ec72-37cb-1e7f3d054528" testName="VehicleThatDoesntRequireMaintenanceReturnsFalse" computerName="LUCIDITYPC" duration="00:00:00.0266902" startTime="2015-01-08T11:47:24.4212923+00:00" endTime="2015-01-08T11:47:24.4532923+00:00" testType="13cdc9d9-ddb5-4fa4-a97d-d965ccfc6d4b" outcome="Passed" testListId="8c84fa94-04c1-424b-9868-57a2d4851a1d" relativeResultsDirectory="eed9feba-ad8e-45da-9047-ab01df9c60c5">
    </UnitTestResult>
    <UnitTestResult executionId="1a4b2bf5-9484-4d73-ac9e-642964060499" testId="56075138-793d-d6f5-c460-fac03f7b9b93" testName="VehicleThatHasExceededDurationReturnsTrue" computerName="LUCIDITYPC" duration="00:00:00.0009489" startTime="2015-01-08T11:47:24.4613035+00:00" endTime="2015-01-08T11:47:24.4673249+00:00" testType="13cdc9d9-ddb5-4fa4-a97d-d965ccfc6d4b" outcome="Passed" testListId="8c84fa94-04c1-424b-9868-57a2d4851a1d" relativeResultsDirectory="1a4b2bf5-9484-4d73-ac9e-642964060499">
    </UnitTestResult>
    <UnitTestResult executionId="b5d6eee8-2224-4057-8b0e-cd8dab20bf6a" testId="a5a31692-e710-07a4-6b52-d254201d0e0f" testName="VehicleThatHasExceededMileageReturnsTrue" computerName="LUCIDITYPC" duration="00:00:00.0009292" startTime="2015-01-08T11:47:24.4743033+00:00" endTime="2015-01-08T11:47:24.4803345+00:00" testType="13cdc9d9-ddb5-4fa4-a97d-d965ccfc6d4b" outcome="Passed" testListId="8c84fa94-04c1-424b-9868-57a2d4851a1d" relativeResultsDirectory="b5d6eee8-2224-4057-8b0e-cd8dab20bf6a">
    </UnitTestResult>
    <UnitTestResult executionId="0d30cf77-bdaa-475d-9a0c-9f72a835749e" testId="b126a3fd-6ec6-116d-9e39-e0b2fa8e0ae9" testName="InvalidRequestFails" computerName="LUCIDITYPC" duration="00:00:00.0036016" startTime="2015-01-08T11:47:24.4883402+00:00" endTime="2015-01-08T11:47:24.4963253+00:00" testType="13cdc9d9-ddb5-4fa4-a97d-d965ccfc6d4b" outcome="Passed" testListId="8c84fa94-04c1-424b-9868-57a2d4851a1d" relativeResultsDirectory="0d30cf77-bdaa-475d-9a0c-9f72a835749e">
    </UnitTestResult>
    <UnitTestResult executionId="667cafcd-1456-417b-9558-f44cde396076" testId="b6d2dd10-a93d-30ba-de5e-996bce155f68" testName="CanSendInvoice" computerName="LUCIDITYPC" duration="00:00:00.6612463" startTime="2015-01-08T11:47:24.5033512+00:00" endTime="2015-01-08T11:47:25.1697726+00:00" testType="13cdc9d9-ddb5-4fa4-a97d-d965ccfc6d4b" outcome="Passed" testListId="8c84fa94-04c1-424b-9868-57a2d4851a1d" relativeResultsDirectory="667cafcd-1456-417b-9558-f44cde396076">
    </UnitTestResult>
    <UnitTestResult executionId="1ffd0c3e-65c0-4e8f-a6e3-f4719d5d2535" testId="bf957703-49f5-e898-0565-2d13a03cbeca" testName="ValidRequestPasses" computerName="LUCIDITYPC" duration="00:00:00.0066474" startTime="2015-01-08T11:47:25.1787725+00:00" endTime="2015-01-08T11:47:25.1907801+00:00" testType="13cdc9d9-ddb5-4fa4-a97d-d965ccfc6d4b" outcome="Passed" testListId="8c84fa94-04c1-424b-9868-57a2d4851a1d" relativeResultsDirectory="1ffd0c3e-65c0-4e8f-a6e3-f4719d5d2535">
    </UnitTestResult>
    <UnitTestResult executionId="e415af2a-8a6b-418a-9f0c-2a066007b27d" testId="da894f7e-216d-e624-97f5-6c38d1c19a37" testName="CanAddBooking" computerName="LUCIDITYPC" duration="00:00:11.0237180" startTime="2015-01-08T11:47:25.1997865+00:00" endTime="2015-01-08T11:47:37.6945497+00:00" testType="13cdc9d9-ddb5-4fa4-a97d-d965ccfc6d4b" outcome="Passed" testListId="8c84fa94-04c1-424b-9868-57a2d4851a1d" relativeResultsDirectory="e415af2a-8a6b-418a-9f0c-2a066007b27d">
    </UnitTestResult>
    <UnitTestResult executionId="1fe2541a-a63f-4b65-aed6-b67fbfe04d2c" testId="dfd22b97-7acf-0886-6555-1fd390fe7dfc" testName="InvalidRequestFails" computerName="LUCIDITYPC" duration="00:00:00.0021609" startTime="2015-01-08T11:47:37.7035556+00:00" endTime="2015-01-08T11:47:37.7125629+00:00" testType="13cdc9d9-ddb5-4fa4-a97d-d965ccfc6d4b" outcome="Passed" testListId="8c84fa94-04c1-424b-9868-57a2d4851a1d" relativeResultsDirectory="1fe2541a-a63f-4b65-aed6-b67fbfe04d2c">
    </UnitTestResult>
  </Results>
</TestRun>