<?xml version="1.0" encoding="UTF-8"?>
<TestRun id="75144c25-a75e-4818-b11b-5aec54850cf2" name="Paul@LUCIDITYPC 2015-02-18 20:56:52" runUser="LucidityPc\Paul" xmlns="http://microsoft.com/schemas/VisualStudio/TeamTest/2010">
  <TestSettings name="Local" id="454fff11-78e4-46b1-93ba-f0be7b533939">
    <Description>These are default test settings for a local test run.</Description>
    <Deployment enabled="false" runDeploymentRoot="Paul_LUCIDITYPC 2015-02-18 20_56_52">
      <DeploymentItem filename="C:\Code\MicroserviceMigration\Marathon\packages\EntityFramework.6.1.1\lib\net40\EntityFramework.SqlServer.dll" />
      <DeploymentItem filename="C:\Code\MicroserviceMigration\Marathon\Marathon.Data\bin\Debug\Marathon.Data.dll" />
      <DeploymentItem filename="C:\Code\MicroserviceMigration\Marathon\packages\Unofficial.Microsoft.SQLServer.SMO.2014.12.0.2000.8\lib\Microsoft.SqlServer.SmoExtended.dll" />
      <DeploymentItem filename="C:\Code\MicroserviceMigration\Marathon\packages\Ninject.3.2.3-unstable-012\lib\net40\Ninject.dll" />
      <DeploymentItem filename="C:\Code\MicroserviceMigration\Marathon\packages\Unofficial.Microsoft.SQLServer.SMO.2014.12.0.2000.8\lib\Microsoft.SqlServer.SqlEnum.dll" />
      <DeploymentItem filename="C:\Code\MicroserviceMigration\Marathon\packages\Unofficial.Microsoft.SQLServer.SMO.2014.12.0.2000.8\lib\Microsoft.SqlServer.SqlClrProvider.dll" />
      <DeploymentItem filename="C:\Code\MicroserviceMigration\Marathon\packages\Unofficial.Microsoft.SQLServer.SMO.2014.12.0.2000.8\lib\Microsoft.SqlServer.ConnectionInfoExtended.dll" />
      <DeploymentItem filename="C:\Code\MicroserviceMigration\Marathon\packages\Unofficial.Microsoft.SQLServer.SMO.2014.12.0.2000.8\lib\Microsoft.SqlServer.Smo.dll" />
      <DeploymentItem filename="C:\Code\MicroserviceMigration\Marathon\packages\Moq.4.2.1409.1722\lib\net40\Moq.dll" />
      <DeploymentItem filename="C:\Code\MicroserviceMigration\Marathon\packages\Unofficial.Microsoft.SQLServer.SMO.2014.12.0.2000.8\lib\Microsoft.SqlServer.ConnectionInfo.dll" />
      <DeploymentItem filename="C:\Code\MicroserviceMigration\Marathon\packages\Unofficial.Microsoft.SQLServer.SMO.2014.12.0.2000.8\lib\Microsoft.SqlServer.Management.Sdk.Sfc.dll" />
      <DeploymentItem filename="C:\Code\MicroserviceMigration\Marathon\Marathon.Domain\bin\Debug\Marathon.Domain.dll" />
      <DeploymentItem filename="C:\Code\MicroserviceMigration\Marathon\packages\EntityFramework.6.1.1\lib\net40\EntityFramework.dll" />
    </Deployment>
    <Execution>
      <TestTypeSpecific />
      <AgentRule name="Execution Agents">
      </AgentRule>
    </Execution>
  </TestSettings>
  <Times creation="2015-02-18T20:56:52.0744580+00:00" queuing="2015-02-18T20:56:54.2245255+00:00" start="2015-02-18T20:56:54.3736256+00:00" finish="2015-02-18T20:57:09.4268559+00:00" />
  <ResultSummary outcome="Completed">
    <Counters total="11" executed="11" passed="11" error="0" failed="0" timeout="0" aborted="0" inconclusive="0" passedButRunAborted="0" notRunnable="0" notExecuted="0" disconnected="0" warning="0" completed="0" inProgress="0" pending="0" />
  </ResultSummary>
  <TestDefinitions>
    <UnitTest name="VehicleThatHasExceededDurationReturnsTrue" storage="c:\code\microservicemigration\marathon\marathon.domain.unittests\bin\debug\marathon.domain.unittests.dll" id="56075138-793d-d6f5-c460-fac03f7b9b93">
      <Execution id="e66b2ea7-f26f-4808-80c5-cdf912eb1a97" />
      <TestMethod codeBase="C:/Code/MicroserviceMigration/Marathon/Marathon.Domain.UnitTests/bin/Debug/Marathon.Domain.UnitTests.DLL" adapterTypeName="Microsoft.VisualStudio.TestTools.TestTypes.Unit.UnitTestAdapter, Microsoft.VisualStudio.QualityTools.Tips.UnitTest.Adapter, Version=10.0.0.0, Culture=neutral, PublicKeyToken=b03f5f7f11d50a3a" className="Marathon.Domain.UnitTests.Entities.VehicleTests.RequiresMaintenanceTests, Marathon.Domain.UnitTests, Version=1.0.0.0, Culture=neutral, PublicKeyToken=null" name="VehicleThatHasExceededDurationReturnsTrue" />
    </UnitTest>
    <UnitTest name="VehicleThatHasExceededMileageReturnsTrue" storage="c:\code\microservicemigration\marathon\marathon.domain.unittests\bin\debug\marathon.domain.unittests.dll" id="a5a31692-e710-07a4-6b52-d254201d0e0f">
      <Execution id="02e3bde2-fae8-4587-bd55-e19470ef85f1" />
      <TestMethod codeBase="C:/Code/MicroserviceMigration/Marathon/Marathon.Domain.UnitTests/bin/Debug/Marathon.Domain.UnitTests.DLL" adapterTypeName="Microsoft.VisualStudio.TestTools.TestTypes.Unit.UnitTestAdapter, Microsoft.VisualStudio.QualityTools.Tips.UnitTest.Adapter, Version=10.0.0.0, Culture=neutral, PublicKeyToken=b03f5f7f11d50a3a" className="Marathon.Domain.UnitTests.Entities.VehicleTests.RequiresMaintenanceTests, Marathon.Domain.UnitTests, Version=1.0.0.0, Culture=neutral, PublicKeyToken=null" name="VehicleThatHasExceededMileageReturnsTrue" />
    </UnitTest>
    <UnitTest name="CanSendInvoice" storage="c:\code\microservicemigration\marathon\marathon.domain.unittests\bin\debug\marathon.domain.unittests.dll" id="b6d2dd10-a93d-30ba-de5e-996bce155f68">
      <Execution id="307000ed-74d3-4e6c-9bc2-956639c1c97f" />
      <TestMethod codeBase="C:/Code/MicroserviceMigration/Marathon/Marathon.Domain.UnitTests/bin/Debug/Marathon.Domain.UnitTests.DLL" adapterTypeName="Microsoft.VisualStudio.TestTools.TestTypes.Unit.UnitTestAdapter, Microsoft.VisualStudio.QualityTools.Tips.UnitTest.Adapter, Version=10.0.0.0, Culture=neutral, PublicKeyToken=b03f5f7f11d50a3a" className="Marathon.Domain.UnitTests.Entities.BookingTests.InvoiceTests, Marathon.Domain.UnitTests, Version=1.0.0.0, Culture=neutral, PublicKeyToken=null" name="CanSendInvoice" />
    </UnitTest>
    <UnitTest name="VehicleThatDoesntRequireMaintenanceReturnsFalse" storage="c:\code\microservicemigration\marathon\marathon.domain.unittests\bin\debug\marathon.domain.unittests.dll" id="5156cec0-4d7d-ec72-37cb-1e7f3d054528">
      <Execution id="f5a649ef-fcd7-4697-a78b-cf8724754372" />
      <TestMethod codeBase="C:/Code/MicroserviceMigration/Marathon/Marathon.Domain.UnitTests/bin/Debug/Marathon.Domain.UnitTests.DLL" adapterTypeName="Microsoft.VisualStudio.TestTools.TestTypes.Unit.UnitTestAdapter, Microsoft.VisualStudio.QualityTools.Tips.UnitTest.Adapter, Version=10.0.0.0, Culture=neutral, PublicKeyToken=b03f5f7f11d50a3a" className="Marathon.Domain.UnitTests.Entities.VehicleTests.RequiresMaintenanceTests, Marathon.Domain.UnitTests, Version=1.0.0.0, Culture=neutral, PublicKeyToken=null" name="VehicleThatDoesntRequireMaintenanceReturnsFalse" />
    </UnitTest>
    <UnitTest name="InvalidRequestFails" storage="c:\code\microservicemigration\marathon\marathon.domain.unittests\bin\debug\marathon.domain.unittests.dll" id="dfd22b97-7acf-0886-6555-1fd390fe7dfc">
      <Execution id="fe15292b-e057-4e04-acff-10c87779f938" />
      <TestMethod codeBase="C:/Code/MicroserviceMigration/Marathon/Marathon.Domain.UnitTests/bin/Debug/Marathon.Domain.UnitTests.DLL" adapterTypeName="Microsoft.VisualStudio.TestTools.TestTypes.Unit.UnitTestAdapter, Microsoft.VisualStudio.QualityTools.Tips.UnitTest.Adapter, Version=10.0.0.0, Culture=neutral, PublicKeyToken=b03f5f7f11d50a3a" className="Marathon.Domain.UnitTests.Entities.BookingTests.ValidateMakeTests, Marathon.Domain.UnitTests, Version=1.0.0.0, Culture=neutral, PublicKeyToken=null" name="InvalidRequestFails" />
    </UnitTest>
    <UnitTest name="InvalidRequestFails" storage="c:\code\microservicemigration\marathon\marathon.domain.unittests\bin\debug\marathon.domain.unittests.dll" id="b126a3fd-6ec6-116d-9e39-e0b2fa8e0ae9">
      <Execution id="7ea34b10-5f14-469e-af0a-d02971bbd7b0" />
      <TestMethod codeBase="C:/Code/MicroserviceMigration/Marathon/Marathon.Domain.UnitTests/bin/Debug/Marathon.Domain.UnitTests.DLL" adapterTypeName="Microsoft.VisualStudio.TestTools.TestTypes.Unit.UnitTestAdapter, Microsoft.VisualStudio.QualityTools.Tips.UnitTest.Adapter, Version=10.0.0.0, Culture=neutral, PublicKeyToken=b03f5f7f11d50a3a" className="Marathon.Domain.UnitTests.Entities.CustomerTests.ValidateRegisterTests, Marathon.Domain.UnitTests, Version=1.0.0.0, Culture=neutral, PublicKeyToken=null" name="InvalidRequestFails" />
    </UnitTest>
    <UnitTest name="CanAddBooking" storage="c:\code\microservicemigration\marathon\marathon.integrationtest\bin\debug\marathon.integrationtest.dll" id="da894f7e-216d-e624-97f5-6c38d1c19a37">
      <Execution id="c7ce5797-fe3a-47a3-bd33-006500fc20f7" />
      <TestMethod codeBase="C:/Code/MicroserviceMigration/Marathon/Marathon.IntegrationTest/bin/Debug/Marathon.IntegrationTest.DLL" adapterTypeName="Microsoft.VisualStudio.TestTools.TestTypes.Unit.UnitTestAdapter, Microsoft.VisualStudio.QualityTools.Tips.UnitTest.Adapter, Version=10.0.0.0, Culture=neutral, PublicKeyToken=b03f5f7f11d50a3a" className="Marathon.IntegrationTest.Repositories.BookingRepositoryTest, Marathon.IntegrationTest, Version=1.0.0.0, Culture=neutral, PublicKeyToken=null" name="CanAddBooking" />
    </UnitTest>
    <UnitTest name="CanMakeBooking" storage="c:\code\microservicemigration\marathon\marathon.domain.unittests\bin\debug\marathon.domain.unittests.dll" id="055a6523-3e72-40d5-5831-d75a212692bc">
      <Execution id="4747b0da-10ee-4bbd-bc64-d966a06fcc44" />
      <TestMethod codeBase="C:/Code/MicroserviceMigration/Marathon/Marathon.Domain.UnitTests/bin/Debug/Marathon.Domain.UnitTests.DLL" adapterTypeName="Microsoft.VisualStudio.TestTools.TestTypes.Unit.UnitTestAdapter, Microsoft.VisualStudio.QualityTools.Tips.UnitTest.Adapter, Version=10.0.0.0, Culture=neutral, PublicKeyToken=b03f5f7f11d50a3a" className="Marathon.Domain.UnitTests.Entities.BookingTests.MakeTests, Marathon.Domain.UnitTests, Version=1.0.0.0, Culture=neutral, PublicKeyToken=null" name="CanMakeBooking" />
    </UnitTest>
    <UnitTest name="ValidRequestPasses" storage="c:\code\microservicemigration\marathon\marathon.domain.unittests\bin\debug\marathon.domain.unittests.dll" id="bf957703-49f5-e898-0565-2d13a03cbeca">
      <Execution id="4546e9c4-903f-44e1-a05a-53f85ccca926" />
      <TestMethod codeBase="C:/Code/MicroserviceMigration/Marathon/Marathon.Domain.UnitTests/bin/Debug/Marathon.Domain.UnitTests.DLL" adapterTypeName="Microsoft.VisualStudio.TestTools.TestTypes.Unit.UnitTestAdapter, Microsoft.VisualStudio.QualityTools.Tips.UnitTest.Adapter, Version=10.0.0.0, Culture=neutral, PublicKeyToken=b03f5f7f11d50a3a" className="Marathon.Domain.UnitTests.Entities.BookingTests.ValidateMakeTests, Marathon.Domain.UnitTests, Version=1.0.0.0, Culture=neutral, PublicKeyToken=null" name="ValidRequestPasses" />
    </UnitTest>
    <UnitTest name="ValidRequestPasses" storage="c:\code\microservicemigration\marathon\marathon.domain.unittests\bin\debug\marathon.domain.unittests.dll" id="3d79f7f1-d3ab-d95c-125d-5129d98108fa">
      <Execution id="2ffd6c64-d4ae-4414-9dad-123dcd2ae0a8" />
      <TestMethod codeBase="C:/Code/MicroserviceMigration/Marathon/Marathon.Domain.UnitTests/bin/Debug/Marathon.Domain.UnitTests.DLL" adapterTypeName="Microsoft.VisualStudio.TestTools.TestTypes.Unit.UnitTestAdapter, Microsoft.VisualStudio.QualityTools.Tips.UnitTest.Adapter, Version=10.0.0.0, Culture=neutral, PublicKeyToken=b03f5f7f11d50a3a" className="Marathon.Domain.UnitTests.Entities.CustomerTests.ValidateRegisterTests, Marathon.Domain.UnitTests, Version=1.0.0.0, Culture=neutral, PublicKeyToken=null" name="ValidRequestPasses" />
    </UnitTest>
    <UnitTest name="CanRegisterCustomer" storage="c:\code\microservicemigration\marathon\marathon.domain.unittests\bin\debug\marathon.domain.unittests.dll" id="34c9a243-addd-237c-1006-a72dd5337413">
      <Execution id="1ddde117-40ca-41b8-98ec-73cde414fc86" />
      <TestMethod codeBase="C:/Code/MicroserviceMigration/Marathon/Marathon.Domain.UnitTests/bin/Debug/Marathon.Domain.UnitTests.DLL" adapterTypeName="Microsoft.VisualStudio.TestTools.TestTypes.Unit.UnitTestAdapter, Microsoft.VisualStudio.QualityTools.Tips.UnitTest.Adapter, Version=10.0.0.0, Culture=neutral, PublicKeyToken=b03f5f7f11d50a3a" className="Marathon.Domain.UnitTests.Entities.CustomerTests.RegisterTests, Marathon.Domain.UnitTests, Version=1.0.0.0, Culture=neutral, PublicKeyToken=null" name="CanRegisterCustomer" />
    </UnitTest>
  </TestDefinitions>
  <TestLists>
    <TestList name="Results Not in a List" id="8c84fa94-04c1-424b-9868-57a2d4851a1d" />
    <TestList name="All Loaded Results" id="19431567-8539-422a-85d7-44ee4e166bda" />
  </TestLists>
  <TestEntries>
    <TestEntry testId="055a6523-3e72-40d5-5831-d75a212692bc" executionId="4747b0da-10ee-4bbd-bc64-d966a06fcc44" testListId="8c84fa94-04c1-424b-9868-57a2d4851a1d" />
    <TestEntry testId="34c9a243-addd-237c-1006-a72dd5337413" executionId="1ddde117-40ca-41b8-98ec-73cde414fc86" testListId="8c84fa94-04c1-424b-9868-57a2d4851a1d" />
    <TestEntry testId="3d79f7f1-d3ab-d95c-125d-5129d98108fa" executionId="2ffd6c64-d4ae-4414-9dad-123dcd2ae0a8" testListId="8c84fa94-04c1-424b-9868-57a2d4851a1d" />
    <TestEntry testId="5156cec0-4d7d-ec72-37cb-1e7f3d054528" executionId="f5a649ef-fcd7-4697-a78b-cf8724754372" testListId="8c84fa94-04c1-424b-9868-57a2d4851a1d" />
    <TestEntry testId="56075138-793d-d6f5-c460-fac03f7b9b93" executionId="e66b2ea7-f26f-4808-80c5-cdf912eb1a97" testListId="8c84fa94-04c1-424b-9868-57a2d4851a1d" />
    <TestEntry testId="a5a31692-e710-07a4-6b52-d254201d0e0f" executionId="02e3bde2-fae8-4587-bd55-e19470ef85f1" testListId="8c84fa94-04c1-424b-9868-57a2d4851a1d" />
    <TestEntry testId="b126a3fd-6ec6-116d-9e39-e0b2fa8e0ae9" executionId="7ea34b10-5f14-469e-af0a-d02971bbd7b0" testListId="8c84fa94-04c1-424b-9868-57a2d4851a1d" />
    <TestEntry testId="b6d2dd10-a93d-30ba-de5e-996bce155f68" executionId="307000ed-74d3-4e6c-9bc2-956639c1c97f" testListId="8c84fa94-04c1-424b-9868-57a2d4851a1d" />
    <TestEntry testId="bf957703-49f5-e898-0565-2d13a03cbeca" executionId="4546e9c4-903f-44e1-a05a-53f85ccca926" testListId="8c84fa94-04c1-424b-9868-57a2d4851a1d" />
    <TestEntry testId="da894f7e-216d-e624-97f5-6c38d1c19a37" executionId="c7ce5797-fe3a-47a3-bd33-006500fc20f7" testListId="8c84fa94-04c1-424b-9868-57a2d4851a1d" />
    <TestEntry testId="dfd22b97-7acf-0886-6555-1fd390fe7dfc" executionId="fe15292b-e057-4e04-acff-10c87779f938" testListId="8c84fa94-04c1-424b-9868-57a2d4851a1d" />
  </TestEntries>
  <Results>
    <UnitTestResult executionId="4747b0da-10ee-4bbd-bc64-d966a06fcc44" testId="055a6523-3e72-40d5-5831-d75a212692bc" testName="CanMakeBooking" computerName="LUCIDITYPC" duration="00:00:00.1095251" startTime="2015-02-18T20:56:54.4606866+00:00" endTime="2015-02-18T20:56:55.3887427+00:00" testType="13cdc9d9-ddb5-4fa4-a97d-d965ccfc6d4b" outcome="Passed" testListId="8c84fa94-04c1-424b-9868-57a2d4851a1d" relativeResultsDirectory="4747b0da-10ee-4bbd-bc64-d966a06fcc44">
    </UnitTestResult>
    <UnitTestResult executionId="1ddde117-40ca-41b8-98ec-73cde414fc86" testId="34c9a243-addd-237c-1006-a72dd5337413" testName="CanRegisterCustomer" computerName="LUCIDITYPC" duration="00:00:00.0141326" startTime="2015-02-18T20:56:55.3967479+00:00" endTime="2015-02-18T20:56:55.4187630+00:00" testType="13cdc9d9-ddb5-4fa4-a97d-d965ccfc6d4b" outcome="Passed" testListId="8c84fa94-04c1-424b-9868-57a2d4851a1d" relativeResultsDirectory="1ddde117-40ca-41b8-98ec-73cde414fc86">
    </UnitTestResult>
    <UnitTestResult executionId="2ffd6c64-d4ae-4414-9dad-123dcd2ae0a8" testId="3d79f7f1-d3ab-d95c-125d-5129d98108fa" testName="ValidRequestPasses" computerName="LUCIDITYPC" duration="00:00:00.0053542" startTime="2015-02-18T20:56:55.4267687+00:00" endTime="2015-02-18T20:56:55.4378038+00:00" testType="13cdc9d9-ddb5-4fa4-a97d-d965ccfc6d4b" outcome="Passed" testListId="8c84fa94-04c1-424b-9868-57a2d4851a1d" relativeResultsDirectory="2ffd6c64-d4ae-4414-9dad-123dcd2ae0a8">
    </UnitTestResult>
    <UnitTestResult executionId="f5a649ef-fcd7-4697-a78b-cf8724754372" testId="5156cec0-4d7d-ec72-37cb-1e7f3d054528" testName="VehicleThatDoesntRequireMaintenanceReturnsFalse" computerName="LUCIDITYPC" duration="00:00:00.0437475" startTime="2015-02-18T20:56:55.4467824+00:00" endTime="2015-02-18T20:56:55.4970435+00:00" testType="13cdc9d9-ddb5-4fa4-a97d-d965ccfc6d4b" outcome="Passed" testListId="8c84fa94-04c1-424b-9868-57a2d4851a1d" relativeResultsDirectory="f5a649ef-fcd7-4697-a78b-cf8724754372">
    </UnitTestResult>
    <UnitTestResult executionId="e66b2ea7-f26f-4808-80c5-cdf912eb1a97" testId="56075138-793d-d6f5-c460-fac03f7b9b93" testName="VehicleThatHasExceededDurationReturnsTrue" computerName="LUCIDITYPC" duration="00:00:00.0009190" startTime="2015-02-18T20:56:55.5050218+00:00" endTime="2015-02-18T20:56:55.5120537+00:00" testType="13cdc9d9-ddb5-4fa4-a97d-d965ccfc6d4b" outcome="Passed" testListId="8c84fa94-04c1-424b-9868-57a2d4851a1d" relativeResultsDirectory="e66b2ea7-f26f-4808-80c5-cdf912eb1a97">
    </UnitTestResult>
    <UnitTestResult executionId="02e3bde2-fae8-4587-bd55-e19470ef85f1" testId="a5a31692-e710-07a4-6b52-d254201d0e0f" testName="VehicleThatHasExceededMileageReturnsTrue" computerName="LUCIDITYPC" duration="00:00:00.0009036" startTime="2015-02-18T20:56:55.5210327+00:00" endTime="2015-02-18T20:56:55.5270647+00:00" testType="13cdc9d9-ddb5-4fa4-a97d-d965ccfc6d4b" outcome="Passed" testListId="8c84fa94-04c1-424b-9868-57a2d4851a1d" relativeResultsDirectory="02e3bde2-fae8-4587-bd55-e19470ef85f1">
    </UnitTestResult>
    <UnitTestResult executionId="7ea34b10-5f14-469e-af0a-d02971bbd7b0" testId="b126a3fd-6ec6-116d-9e39-e0b2fa8e0ae9" testName="InvalidRequestFails" computerName="LUCIDITYPC" duration="00:00:00.0033758" startTime="2015-02-18T20:56:55.5350430+00:00" endTime="2015-02-18T20:56:55.5450774+00:00" testType="13cdc9d9-ddb5-4fa4-a97d-d965ccfc6d4b" outcome="Passed" testListId="8c84fa94-04c1-424b-9868-57a2d4851a1d" relativeResultsDirectory="7ea34b10-5f14-469e-af0a-d02971bbd7b0">
    </UnitTestResult>
    <UnitTestResult executionId="307000ed-74d3-4e6c-9bc2-956639c1c97f" testId="b6d2dd10-a93d-30ba-de5e-996bce155f68" testName="CanSendInvoice" computerName="LUCIDITYPC" duration="00:00:00.5342361" startTime="2015-02-18T20:56:55.5530553+00:00" endTime="2015-02-18T20:56:56.0931626+00:00" testType="13cdc9d9-ddb5-4fa4-a97d-d965ccfc6d4b" outcome="Passed" testListId="8c84fa94-04c1-424b-9868-57a2d4851a1d" relativeResultsDirectory="307000ed-74d3-4e6c-9bc2-956639c1c97f">
    </UnitTestResult>
    <UnitTestResult executionId="4546e9c4-903f-44e1-a05a-53f85ccca926" testId="bf957703-49f5-e898-0565-2d13a03cbeca" testName="ValidRequestPasses" computerName="LUCIDITYPC" duration="00:00:00.0069677" startTime="2015-02-18T20:56:56.1031701+00:00" endTime="2015-02-18T20:56:56.1161832+00:00" testType="13cdc9d9-ddb5-4fa4-a97d-d965ccfc6d4b" outcome="Passed" testListId="8c84fa94-04c1-424b-9868-57a2d4851a1d" relativeResultsDirectory="4546e9c4-903f-44e1-a05a-53f85ccca926">
    </UnitTestResult>
    <UnitTestResult executionId="c7ce5797-fe3a-47a3-bd33-006500fc20f7" testId="da894f7e-216d-e624-97f5-6c38d1c19a37" testName="CanAddBooking" computerName="LUCIDITYPC" duration="00:00:11.6360661" startTime="2015-02-18T20:56:56.1251861+00:00" endTime="2015-02-18T20:57:09.1046267+00:00" testType="13cdc9d9-ddb5-4fa4-a97d-d965ccfc6d4b" outcome="Passed" testListId="8c84fa94-04c1-424b-9868-57a2d4851a1d" relativeResultsDirectory="c7ce5797-fe3a-47a3-bd33-006500fc20f7">
    </UnitTestResult>
    <UnitTestResult executionId="fe15292b-e057-4e04-acff-10c87779f938" testId="dfd22b97-7acf-0886-6555-1fd390fe7dfc" testName="InvalidRequestFails" computerName="LUCIDITYPC" duration="00:00:00.0025355" startTime="2015-02-18T20:57:09.1146359+00:00" endTime="2015-02-18T20:57:09.1276481+00:00" testType="13cdc9d9-ddb5-4fa4-a97d-d965ccfc6d4b" outcome="Passed" testListId="8c84fa94-04c1-424b-9868-57a2d4851a1d" relativeResultsDirectory="fe15292b-e057-4e04-acff-10c87779f938">
    </UnitTestResult>
  </Results>
</TestRun>