<?xml version="1.0" encoding="UTF-8"?>
<TestRun id="966da404-9d1d-4b42-bfa4-ffb73fa96893" name="Paul@LUCIDITYPC 2015-02-23 22:32:53" runUser="LucidityPc\Paul" xmlns="http://microsoft.com/schemas/VisualStudio/TeamTest/2010">
  <TestSettings name="Local" id="454fff11-78e4-46b1-93ba-f0be7b533939">
    <Description>These are default test settings for a local test run.</Description>
    <Deployment enabled="false" runDeploymentRoot="Paul_LUCIDITYPC 2015-02-23 22_32_53">
      <DeploymentItem filename="C:\Code\MicroserviceMigration\Marathon\packages\EntityFramework.6.1.1\lib\net40\EntityFramework.SqlServer.dll" />
      <DeploymentItem filename="C:\Code\MicroserviceMigration\Marathon\Marathon.Data\bin\Debug\Marathon.Data.dll" />
      <DeploymentItem filename="C:\Code\MicroserviceMigration\Marathon\packages\Unofficial.Microsoft.SQLServer.SMO.2014.12.0.2000.8\lib\Microsoft.SqlServer.SmoExtended.dll" />
      <DeploymentItem filename="C:\Code\MicroserviceMigration\Marathon\packages\Ninject.3.2.3-unstable-012\lib\net40\Ninject.dll" />
      <DeploymentItem filename="C:\Code\MicroserviceMigration\Marathon\packages\Unofficial.Microsoft.SQLServer.SMO.2014.12.0.2000.8\lib\Microsoft.SqlServer.SqlEnum.dll" />
      <DeploymentItem filename="C:\Code\MicroserviceMigration\Marathon\packages\Unofficial.Microsoft.SQLServer.SMO.2014.12.0.2000.8\lib\Microsoft.SqlServer.SqlClrProvider.dll" />
      <DeploymentItem filename="C:\Code\MicroserviceMigration\Marathon\packages\Unofficial.Microsoft.SQLServer.SMO.2014.12.0.2000.8\lib\Microsoft.SqlServer.ConnectionInfoExtended.dll" />
      <DeploymentItem filename="C:\Code\MicroserviceMigration\Marathon\packages\Unofficial.Microsoft.SQLServer.SMO.2014.12.0.2000.8\lib\Microsoft.SqlServer.Smo.dll" />
      <DeploymentItem filename="C:\Code\MicroserviceMigration\Marathon\packages\Moq.4.2.1409.1722\lib\net40\Moq.dll" />
      <DeploymentItem filename="C:\Code\MicroserviceMigration\Marathon\packages\Unofficial.Microsoft.SQLServer.SMO.2014.12.0.2000.8\lib\Microsoft.SqlServer.ConnectionInfo.dll" />
      <DeploymentItem filename="C:\Code\MicroserviceMigration\Marathon\packages\Unofficial.Microsoft.SQLServer.SMO.2014.12.0.2000.8\lib\Microsoft.SqlServer.Management.Sdk.Sfc.dll" />
      <DeploymentItem filename="C:\Code\MicroserviceMigration\Marathon\Marathon.Domain\bin\Debug\Marathon.Domain.dll" />
      <DeploymentItem filename="C:\Code\MicroserviceMigration\Marathon\packages\EntityFramework.6.1.1\lib\net40\EntityFramework.dll" />
    </Deployment>
    <Execution>
      <TestTypeSpecific />
      <AgentRule name="Execution Agents">
      </AgentRule>
    </Execution>
  </TestSettings>
  <Times creation="2015-02-23T22:32:53.9286343+00:00" queuing="2015-02-23T22:32:58.1927191+00:00" start="2015-02-23T22:32:58.3758488+00:00" finish="2015-02-23T22:33:06.4556316+00:00" />
  <ResultSummary outcome="Failed">
    <Counters total="11" executed="11" passed="10" error="0" failed="1" timeout="0" aborted="0" inconclusive="0" passedButRunAborted="0" notRunnable="0" notExecuted="0" disconnected="0" warning="0" completed="0" inProgress="0" pending="0" />
  </ResultSummary>
  <TestDefinitions>
    <UnitTest name="VehicleThatHasExceededDurationReturnsTrue" storage="c:\code\microservicemigration\marathon\marathon.domain.unittests\bin\debug\marathon.domain.unittests.dll" id="56075138-793d-d6f5-c460-fac03f7b9b93">
      <Execution id="902eb4a8-657f-49a2-ae5b-1c8ec93e5ee6" />
      <TestMethod codeBase="C:/Code/MicroserviceMigration/Marathon/Marathon.Domain.UnitTests/bin/Debug/Marathon.Domain.UnitTests.DLL" adapterTypeName="Microsoft.VisualStudio.TestTools.TestTypes.Unit.UnitTestAdapter, Microsoft.VisualStudio.QualityTools.Tips.UnitTest.Adapter, Version=10.0.0.0, Culture=neutral, PublicKeyToken=b03f5f7f11d50a3a" className="Marathon.Domain.UnitTests.Entities.VehicleTests.RequiresMaintenanceTests, Marathon.Domain.UnitTests, Version=1.0.0.0, Culture=neutral, PublicKeyToken=null" name="VehicleThatHasExceededDurationReturnsTrue" />
    </UnitTest>
    <UnitTest name="VehicleThatHasExceededMileageReturnsTrue" storage="c:\code\microservicemigration\marathon\marathon.domain.unittests\bin\debug\marathon.domain.unittests.dll" id="a5a31692-e710-07a4-6b52-d254201d0e0f">
      <Execution id="a56b9060-cf07-4b45-81c1-993f3a18c388" />
      <TestMethod codeBase="C:/Code/MicroserviceMigration/Marathon/Marathon.Domain.UnitTests/bin/Debug/Marathon.Domain.UnitTests.DLL" adapterTypeName="Microsoft.VisualStudio.TestTools.TestTypes.Unit.UnitTestAdapter, Microsoft.VisualStudio.QualityTools.Tips.UnitTest.Adapter, Version=10.0.0.0, Culture=neutral, PublicKeyToken=b03f5f7f11d50a3a" className="Marathon.Domain.UnitTests.Entities.VehicleTests.RequiresMaintenanceTests, Marathon.Domain.UnitTests, Version=1.0.0.0, Culture=neutral, PublicKeyToken=null" name="VehicleThatHasExceededMileageReturnsTrue" />
    </UnitTest>
    <UnitTest name="VehicleThatDoesntRequireMaintenanceReturnsFalse" storage="c:\code\microservicemigration\marathon\marathon.domain.unittests\bin\debug\marathon.domain.unittests.dll" id="5156cec0-4d7d-ec72-37cb-1e7f3d054528">
      <Execution id="c8989194-02bf-4783-9c9a-4df6e44d2931" />
      <TestMethod codeBase="C:/Code/MicroserviceMigration/Marathon/Marathon.Domain.UnitTests/bin/Debug/Marathon.Domain.UnitTests.DLL" adapterTypeName="Microsoft.VisualStudio.TestTools.TestTypes.Unit.UnitTestAdapter, Microsoft.VisualStudio.QualityTools.Tips.UnitTest.Adapter, Version=10.0.0.0, Culture=neutral, PublicKeyToken=b03f5f7f11d50a3a" className="Marathon.Domain.UnitTests.Entities.VehicleTests.RequiresMaintenanceTests, Marathon.Domain.UnitTests, Version=1.0.0.0, Culture=neutral, PublicKeyToken=null" name="VehicleThatDoesntRequireMaintenanceReturnsFalse" />
    </UnitTest>
    <UnitTest name="InvalidRequestFails" storage="c:\code\microservicemigration\marathon\marathon.domain.unittests\bin\debug\marathon.domain.unittests.dll" id="dfd22b97-7acf-0886-6555-1fd390fe7dfc">
      <Execution id="4e9a376a-e250-449c-9406-25dbe86cc25e" />
      <TestMethod codeBase="C:/Code/MicroserviceMigration/Marathon/Marathon.Domain.UnitTests/bin/Debug/Marathon.Domain.UnitTests.DLL" adapterTypeName="Microsoft.VisualStudio.TestTools.TestTypes.Unit.UnitTestAdapter, Microsoft.VisualStudio.QualityTools.Tips.UnitTest.Adapter, Version=10.0.0.0, Culture=neutral, PublicKeyToken=b03f5f7f11d50a3a" className="Marathon.Domain.UnitTests.Entities.BookingTests.ValidateMakeTests, Marathon.Domain.UnitTests, Version=1.0.0.0, Culture=neutral, PublicKeyToken=null" name="InvalidRequestFails" />
    </UnitTest>
    <UnitTest name="InvalidRequestFails" storage="c:\code\microservicemigration\marathon\marathon.domain.unittests\bin\debug\marathon.domain.unittests.dll" id="b126a3fd-6ec6-116d-9e39-e0b2fa8e0ae9">
      <Execution id="e10d5584-85d9-4359-bc6e-27e230d66cab" />
      <TestMethod codeBase="C:/Code/MicroserviceMigration/Marathon/Marathon.Domain.UnitTests/bin/Debug/Marathon.Domain.UnitTests.DLL" adapterTypeName="Microsoft.VisualStudio.TestTools.TestTypes.Unit.UnitTestAdapter, Microsoft.VisualStudio.QualityTools.Tips.UnitTest.Adapter, Version=10.0.0.0, Culture=neutral, PublicKeyToken=b03f5f7f11d50a3a" className="Marathon.Domain.UnitTests.Entities.CustomerTests.ValidateRegisterTests, Marathon.Domain.UnitTests, Version=1.0.0.0, Culture=neutral, PublicKeyToken=null" name="InvalidRequestFails" />
    </UnitTest>
    <UnitTest name="CanAddBooking" storage="c:\code\microservicemigration\marathon\marathon.integrationtest\bin\debug\marathon.integrationtest.dll" id="da894f7e-216d-e624-97f5-6c38d1c19a37">
      <Execution id="e5b5365e-52fb-49f9-b264-2c166df6aea1" />
      <TestMethod codeBase="C:/Code/MicroserviceMigration/Marathon/Marathon.IntegrationTest/bin/Debug/Marathon.IntegrationTest.DLL" adapterTypeName="Microsoft.VisualStudio.TestTools.TestTypes.Unit.UnitTestAdapter, Microsoft.VisualStudio.QualityTools.Tips.UnitTest.Adapter, Version=10.0.0.0, Culture=neutral, PublicKeyToken=b03f5f7f11d50a3a" className="Marathon.IntegrationTest.Repositories.BookingRepositoryTest, Marathon.IntegrationTest, Version=1.0.0.0, Culture=neutral, PublicKeyToken=null" name="CanAddBooking" />
    </UnitTest>
    <UnitTest name="CanMakeBooking" storage="c:\code\microservicemigration\marathon\marathon.domain.unittests\bin\debug\marathon.domain.unittests.dll" id="055a6523-3e72-40d5-5831-d75a212692bc">
      <Execution id="8952d2df-1222-40cd-b413-00a8a3329735" />
      <TestMethod codeBase="C:/Code/MicroserviceMigration/Marathon/Marathon.Domain.UnitTests/bin/Debug/Marathon.Domain.UnitTests.DLL" adapterTypeName="Microsoft.VisualStudio.TestTools.TestTypes.Unit.UnitTestAdapter, Microsoft.VisualStudio.QualityTools.Tips.UnitTest.Adapter, Version=10.0.0.0, Culture=neutral, PublicKeyToken=b03f5f7f11d50a3a" className="Marathon.Domain.UnitTests.Entities.BookingTests.MakeTests, Marathon.Domain.UnitTests, Version=1.0.0.0, Culture=neutral, PublicKeyToken=null" name="CanMakeBooking" />
    </UnitTest>
    <UnitTest name="ValidRequestPasses" storage="c:\code\microservicemigration\marathon\marathon.domain.unittests\bin\debug\marathon.domain.unittests.dll" id="bf957703-49f5-e898-0565-2d13a03cbeca">
      <Execution id="79bf5623-364e-4a54-8ff1-f6b8d15e4c8b" />
      <TestMethod codeBase="C:/Code/MicroserviceMigration/Marathon/Marathon.Domain.UnitTests/bin/Debug/Marathon.Domain.UnitTests.DLL" adapterTypeName="Microsoft.VisualStudio.TestTools.TestTypes.Unit.UnitTestAdapter, Microsoft.VisualStudio.QualityTools.Tips.UnitTest.Adapter, Version=10.0.0.0, Culture=neutral, PublicKeyToken=b03f5f7f11d50a3a" className="Marathon.Domain.UnitTests.Entities.BookingTests.ValidateMakeTests, Marathon.Domain.UnitTests, Version=1.0.0.0, Culture=neutral, PublicKeyToken=null" name="ValidRequestPasses" />
    </UnitTest>
    <UnitTest name="ValidRequestPasses" storage="c:\code\microservicemigration\marathon\marathon.domain.unittests\bin\debug\marathon.domain.unittests.dll" id="3d79f7f1-d3ab-d95c-125d-5129d98108fa">
      <Execution id="8141f4f0-b3eb-49b2-894e-3b599ad00ab1" />
      <TestMethod codeBase="C:/Code/MicroserviceMigration/Marathon/Marathon.Domain.UnitTests/bin/Debug/Marathon.Domain.UnitTests.DLL" adapterTypeName="Microsoft.VisualStudio.TestTools.TestTypes.Unit.UnitTestAdapter, Microsoft.VisualStudio.QualityTools.Tips.UnitTest.Adapter, Version=10.0.0.0, Culture=neutral, PublicKeyToken=b03f5f7f11d50a3a" className="Marathon.Domain.UnitTests.Entities.CustomerTests.ValidateRegisterTests, Marathon.Domain.UnitTests, Version=1.0.0.0, Culture=neutral, PublicKeyToken=null" name="ValidRequestPasses" />
    </UnitTest>
    <UnitTest name="EmailIsGenerated" storage="c:\code\microservicemigration\marathon\marathon.domain.unittests\bin\debug\marathon.domain.unittests.dll" id="a17bd784-3a7c-e027-85e8-4d9ea375a2b4">
      <Execution id="ce17257e-3b87-402f-a0d3-50bfdc20b961" />
      <TestMethod codeBase="C:/Code/MicroserviceMigration/Marathon/Marathon.Domain.UnitTests/bin/Debug/Marathon.Domain.UnitTests.DLL" adapterTypeName="Microsoft.VisualStudio.TestTools.TestTypes.Unit.UnitTestAdapter, Microsoft.VisualStudio.QualityTools.Tips.UnitTest.Adapter, Version=10.0.0.0, Culture=neutral, PublicKeyToken=b03f5f7f11d50a3a" className="Marathon.Domain.UnitTests.Entities.InvoiceTests.GenerateTests, Marathon.Domain.UnitTests, Version=1.0.0.0, Culture=neutral, PublicKeyToken=null" name="EmailIsGenerated" />
    </UnitTest>
    <UnitTest name="CanRegisterCustomer" storage="c:\code\microservicemigration\marathon\marathon.domain.unittests\bin\debug\marathon.domain.unittests.dll" id="34c9a243-addd-237c-1006-a72dd5337413">
      <Execution id="4666606e-1bb1-4e3e-ac33-09447c05fafd" />
      <TestMethod codeBase="C:/Code/MicroserviceMigration/Marathon/Marathon.Domain.UnitTests/bin/Debug/Marathon.Domain.UnitTests.DLL" adapterTypeName="Microsoft.VisualStudio.TestTools.TestTypes.Unit.UnitTestAdapter, Microsoft.VisualStudio.QualityTools.Tips.UnitTest.Adapter, Version=10.0.0.0, Culture=neutral, PublicKeyToken=b03f5f7f11d50a3a" className="Marathon.Domain.UnitTests.Entities.CustomerTests.RegisterTests, Marathon.Domain.UnitTests, Version=1.0.0.0, Culture=neutral, PublicKeyToken=null" name="CanRegisterCustomer" />
    </UnitTest>
  </TestDefinitions>
  <TestLists>
    <TestList name="Results Not in a List" id="8c84fa94-04c1-424b-9868-57a2d4851a1d" />
    <TestList name="All Loaded Results" id="19431567-8539-422a-85d7-44ee4e166bda" />
  </TestLists>
  <TestEntries>
    <TestEntry testId="055a6523-3e72-40d5-5831-d75a212692bc" executionId="8952d2df-1222-40cd-b413-00a8a3329735" testListId="8c84fa94-04c1-424b-9868-57a2d4851a1d" />
    <TestEntry testId="34c9a243-addd-237c-1006-a72dd5337413" executionId="4666606e-1bb1-4e3e-ac33-09447c05fafd" testListId="8c84fa94-04c1-424b-9868-57a2d4851a1d" />
    <TestEntry testId="3d79f7f1-d3ab-d95c-125d-5129d98108fa" executionId="8141f4f0-b3eb-49b2-894e-3b599ad00ab1" testListId="8c84fa94-04c1-424b-9868-57a2d4851a1d" />
    <TestEntry testId="5156cec0-4d7d-ec72-37cb-1e7f3d054528" executionId="c8989194-02bf-4783-9c9a-4df6e44d2931" testListId="8c84fa94-04c1-424b-9868-57a2d4851a1d" />
    <TestEntry testId="56075138-793d-d6f5-c460-fac03f7b9b93" executionId="902eb4a8-657f-49a2-ae5b-1c8ec93e5ee6" testListId="8c84fa94-04c1-424b-9868-57a2d4851a1d" />
    <TestEntry testId="a17bd784-3a7c-e027-85e8-4d9ea375a2b4" executionId="ce17257e-3b87-402f-a0d3-50bfdc20b961" testListId="8c84fa94-04c1-424b-9868-57a2d4851a1d" />
    <TestEntry testId="a5a31692-e710-07a4-6b52-d254201d0e0f" executionId="a56b9060-cf07-4b45-81c1-993f3a18c388" testListId="8c84fa94-04c1-424b-9868-57a2d4851a1d" />
    <TestEntry testId="b126a3fd-6ec6-116d-9e39-e0b2fa8e0ae9" executionId="e10d5584-85d9-4359-bc6e-27e230d66cab" testListId="8c84fa94-04c1-424b-9868-57a2d4851a1d" />
    <TestEntry testId="bf957703-49f5-e898-0565-2d13a03cbeca" executionId="79bf5623-364e-4a54-8ff1-f6b8d15e4c8b" testListId="8c84fa94-04c1-424b-9868-57a2d4851a1d" />
    <TestEntry testId="da894f7e-216d-e624-97f5-6c38d1c19a37" executionId="e5b5365e-52fb-49f9-b264-2c166df6aea1" testListId="8c84fa94-04c1-424b-9868-57a2d4851a1d" />
    <TestEntry testId="dfd22b97-7acf-0886-6555-1fd390fe7dfc" executionId="4e9a376a-e250-449c-9406-25dbe86cc25e" testListId="8c84fa94-04c1-424b-9868-57a2d4851a1d" />
  </TestEntries>
  <Results>
    <UnitTestResult executionId="8952d2df-1222-40cd-b413-00a8a3329735" testId="055a6523-3e72-40d5-5831-d75a212692bc" testName="CanMakeBooking" computerName="LUCIDITYPC" duration="00:00:00.0800291" startTime="2015-02-23T22:32:58.4378917+00:00" endTime="2015-02-23T22:32:59.1343834+00:00" testType="13cdc9d9-ddb5-4fa4-a97d-d965ccfc6d4b" outcome="Passed" testListId="8c84fa94-04c1-424b-9868-57a2d4851a1d" relativeResultsDirectory="8952d2df-1222-40cd-b413-00a8a3329735">
    </UnitTestResult>
    <UnitTestResult executionId="4666606e-1bb1-4e3e-ac33-09447c05fafd" testId="34c9a243-addd-237c-1006-a72dd5337413" testName="CanRegisterCustomer" computerName="LUCIDITYPC" duration="00:00:00.0122081" startTime="2015-02-23T22:32:59.1423904+00:00" endTime="2015-02-23T22:32:59.1624306+00:00" testType="13cdc9d9-ddb5-4fa4-a97d-d965ccfc6d4b" outcome="Passed" testListId="8c84fa94-04c1-424b-9868-57a2d4851a1d" relativeResultsDirectory="4666606e-1bb1-4e3e-ac33-09447c05fafd">
    </UnitTestResult>
    <UnitTestResult executionId="8141f4f0-b3eb-49b2-894e-3b599ad00ab1" testId="3d79f7f1-d3ab-d95c-125d-5129d98108fa" testName="ValidRequestPasses" computerName="LUCIDITYPC" duration="00:00:00.0051117" startTime="2015-02-23T22:32:59.1704089+00:00" endTime="2015-02-23T22:32:59.1814449+00:00" testType="13cdc9d9-ddb5-4fa4-a97d-d965ccfc6d4b" outcome="Passed" testListId="8c84fa94-04c1-424b-9868-57a2d4851a1d" relativeResultsDirectory="8141f4f0-b3eb-49b2-894e-3b599ad00ab1">
    </UnitTestResult>
    <UnitTestResult executionId="c8989194-02bf-4783-9c9a-4df6e44d2931" testId="5156cec0-4d7d-ec72-37cb-1e7f3d054528" testName="VehicleThatDoesntRequireMaintenanceReturnsFalse" computerName="LUCIDITYPC" duration="00:00:00.0264712" startTime="2015-02-23T22:32:59.1894283+00:00" endTime="2015-02-23T22:32:59.2224512+00:00" testType="13cdc9d9-ddb5-4fa4-a97d-d965ccfc6d4b" outcome="Passed" testListId="8c84fa94-04c1-424b-9868-57a2d4851a1d" relativeResultsDirectory="c8989194-02bf-4783-9c9a-4df6e44d2931">
    </UnitTestResult>
    <UnitTestResult executionId="902eb4a8-657f-49a2-ae5b-1c8ec93e5ee6" testId="56075138-793d-d6f5-c460-fac03f7b9b93" testName="VehicleThatHasExceededDurationReturnsTrue" computerName="LUCIDITYPC" duration="00:00:00.0009305" startTime="2015-02-23T22:32:59.2304560+00:00" endTime="2015-02-23T22:32:59.2374836+00:00" testType="13cdc9d9-ddb5-4fa4-a97d-d965ccfc6d4b" outcome="Passed" testListId="8c84fa94-04c1-424b-9868-57a2d4851a1d" relativeResultsDirectory="902eb4a8-657f-49a2-ae5b-1c8ec93e5ee6">
    </UnitTestResult>
    <UnitTestResult executionId="ce17257e-3b87-402f-a0d3-50bfdc20b961" testId="a17bd784-3a7c-e027-85e8-4d9ea375a2b4" testName="EmailIsGenerated" computerName="LUCIDITYPC" duration="00:00:00.7854352" startTime="2015-02-23T22:32:59.2454661+00:00" endTime="2015-02-23T22:33:00.0369591+00:00" testType="13cdc9d9-ddb5-4fa4-a97d-d965ccfc6d4b" outcome="Passed" testListId="8c84fa94-04c1-424b-9868-57a2d4851a1d" relativeResultsDirectory="ce17257e-3b87-402f-a0d3-50bfdc20b961">
    </UnitTestResult>
    <UnitTestResult executionId="a56b9060-cf07-4b45-81c1-993f3a18c388" testId="a5a31692-e710-07a4-6b52-d254201d0e0f" testName="VehicleThatHasExceededMileageReturnsTrue" computerName="LUCIDITYPC" duration="00:00:00.0009181" startTime="2015-02-23T22:33:00.0449378+00:00" endTime="2015-02-23T22:33:00.0519697+00:00" testType="13cdc9d9-ddb5-4fa4-a97d-d965ccfc6d4b" outcome="Passed" testListId="8c84fa94-04c1-424b-9868-57a2d4851a1d" relativeResultsDirectory="a56b9060-cf07-4b45-81c1-993f3a18c388">
    </UnitTestResult>
    <UnitTestResult executionId="e10d5584-85d9-4359-bc6e-27e230d66cab" testId="b126a3fd-6ec6-116d-9e39-e0b2fa8e0ae9" testName="InvalidRequestFails" computerName="LUCIDITYPC" duration="00:00:00.0033181" startTime="2015-02-23T22:33:00.0599480+00:00" endTime="2015-02-23T22:33:00.0699623+00:00" testType="13cdc9d9-ddb5-4fa4-a97d-d965ccfc6d4b" outcome="Passed" testListId="8c84fa94-04c1-424b-9868-57a2d4851a1d" relativeResultsDirectory="e10d5584-85d9-4359-bc6e-27e230d66cab">
    </UnitTestResult>
    <UnitTestResult executionId="79bf5623-364e-4a54-8ff1-f6b8d15e4c8b" testId="bf957703-49f5-e898-0565-2d13a03cbeca" testName="ValidRequestPasses" computerName="LUCIDITYPC" duration="00:00:00.0055864" startTime="2015-02-23T22:33:00.0779616+00:00" endTime="2015-02-23T22:33:00.0899683+00:00" testType="13cdc9d9-ddb5-4fa4-a97d-d965ccfc6d4b" outcome="Passed" testListId="8c84fa94-04c1-424b-9868-57a2d4851a1d" relativeResultsDirectory="79bf5623-364e-4a54-8ff1-f6b8d15e4c8b">
    </UnitTestResult>
    <UnitTestResult executionId="e5b5365e-52fb-49f9-b264-2c166df6aea1" testId="da894f7e-216d-e624-97f5-6c38d1c19a37" testName="CanAddBooking" computerName="LUCIDITYPC" duration="00:00:03.6629825" startTime="2015-02-23T22:33:00.0979761+00:00" endTime="2015-02-23T22:33:04.8106639+00:00" testType="13cdc9d9-ddb5-4fa4-a97d-d965ccfc6d4b" outcome="Failed" testListId="8c84fa94-04c1-424b-9868-57a2d4851a1d" relativeResultsDirectory="e5b5365e-52fb-49f9-b264-2c166df6aea1">
      <Output>
        <ErrorInfo>
          <Message>Initialization method Marathon.IntegrationTest.Repositories.BookingRepositoryTest.SetUp threw exception. Microsoft.SqlServer.Management.Common.ExecutionFailureException: Microsoft.SqlServer.Management.Common.ExecutionFailureException: An exception occurred while executing a Transact-SQL statement or batch. ---&gt; System.Data.SqlClient.SqlException: Invalid column name 'Status'..</Message>
          <StackTrace>    at Microsoft.SqlServer.Management.Common.ConnectionManager.ExecuteTSql(ExecuteTSqlAction action, Object execObject, DataSet fillDataSet, Boolean catchException)
   at Microsoft.SqlServer.Management.Common.ServerConnection.ExecuteNonQuery(String sqlCommand, ExecutionTypes executionType)
 --- End of inner exception stack trace ---
    at Microsoft.SqlServer.Management.Common.ServerConnection.ExecuteNonQuery(String sqlCommand, ExecutionTypes executionType)
   at Microsoft.SqlServer.Management.Common.ServerConnection.ExecuteNonQuery(String sqlCommand)
   at Marathon.IntegrationTests.Common.ScriptRunner.RunScript() in C:\Code\MicroserviceMigration\Marathon\Marathon.IntegrationTest\Common\ScriptRunner.cs:line 20
   at Marathon.IntegrationTest.Repositories.BookingRepositoryTest.SetUp() in C:\Code\MicroserviceMigration\Marathon\Marathon.IntegrationTest\Repositories\BookingRepositoryTest.cs:line 33
</StackTrace>
        </ErrorInfo>
      </Output>
    </UnitTestResult>
    <UnitTestResult executionId="4e9a376a-e250-449c-9406-25dbe86cc25e" testId="dfd22b97-7acf-0886-6555-1fd390fe7dfc" testName="InvalidRequestFails" computerName="LUCIDITYPC" duration="00:00:00.0020322" startTime="2015-02-23T22:33:04.8186473+00:00" endTime="2015-02-23T22:33:04.8266752+00:00" testType="13cdc9d9-ddb5-4fa4-a97d-d965ccfc6d4b" outcome="Passed" testListId="8c84fa94-04c1-424b-9868-57a2d4851a1d" relativeResultsDirectory="4e9a376a-e250-449c-9406-25dbe86cc25e">
    </UnitTestResult>
  </Results>
</TestRun>