<?xml version="1.0" encoding="UTF-8"?>
<TestRun id="045904a8-8a6f-4765-a5cb-2371ab0b38a8" name="Paul@LUCIDITYPC 2015-01-06 11:43:23" runUser="LucidityPc\Paul" xmlns="http://microsoft.com/schemas/VisualStudio/TeamTest/2010">
  <TestSettings name="Local" id="454fff11-78e4-46b1-93ba-f0be7b533939">
    <Description>These are default test settings for a local test run.</Description>
    <Deployment enabled="false" runDeploymentRoot="Paul_LUCIDITYPC 2015-01-06 11_43_23">
      <DeploymentItem filename="C:\Code\MicroserviceMigration\Marathon\Marathon.Domain\bin\Debug\Marathon.Domain.dll" />
    </Deployment>
    <Execution>
      <TestTypeSpecific />
      <AgentRule name="Execution Agents">
      </AgentRule>
    </Execution>
  </TestSettings>
  <Times creation="2015-01-06T11:43:23.4039253+00:00" queuing="2015-01-06T11:43:25.7367121+00:00" start="2015-01-06T11:43:25.9398569+00:00" finish="2015-01-06T11:43:27.9462743+00:00" />
  <ResultSummary outcome="Completed">
    <Counters total="1" executed="1" passed="1" error="0" failed="0" timeout="0" aborted="0" inconclusive="0" passedButRunAborted="0" notRunnable="0" notExecuted="0" disconnected="0" warning="0" completed="0" inProgress="0" pending="0" />
  </ResultSummary>
  <TestDefinitions>
    <UnitTest name="CanRegisterCustomer" storage="c:\code\microservicemigration\marathon\marathon.domain.unittests\bin\debug\marathon.domain.unittests.dll" id="34c9a243-addd-237c-1006-a72dd5337413">
      <Execution id="0ca6eec1-664e-4a77-9b9f-9458d22ab96d" />
      <TestMethod codeBase="C:/Code/MicroserviceMigration/Marathon/Marathon.Domain.UnitTests/bin/Debug/Marathon.Domain.UnitTests.DLL" adapterTypeName="Microsoft.VisualStudio.TestTools.TestTypes.Unit.UnitTestAdapter, Microsoft.VisualStudio.QualityTools.Tips.UnitTest.Adapter, Version=10.0.0.0, Culture=neutral, PublicKeyToken=b03f5f7f11d50a3a" className="Marathon.Domain.UnitTests.Entities.CustomerTests.RegisterTests, Marathon.Domain.UnitTests, Version=1.0.0.0, Culture=neutral, PublicKeyToken=null" name="CanRegisterCustomer" />
    </UnitTest>
  </TestDefinitions>
  <TestLists>
    <TestList name="Results Not in a List" id="8c84fa94-04c1-424b-9868-57a2d4851a1d" />
    <TestList name="All Loaded Results" id="19431567-8539-422a-85d7-44ee4e166bda" />
  </TestLists>
  <TestEntries>
    <TestEntry testId="34c9a243-addd-237c-1006-a72dd5337413" executionId="0ca6eec1-664e-4a77-9b9f-9458d22ab96d" testListId="8c84fa94-04c1-424b-9868-57a2d4851a1d" />
  </TestEntries>
  <Results>
    <UnitTestResult executionId="0ca6eec1-664e-4a77-9b9f-9458d22ab96d" testId="34c9a243-addd-237c-1006-a72dd5337413" testName="CanRegisterCustomer" computerName="LUCIDITYPC" duration="00:00:00.0896872" startTime="2015-01-06T11:43:26.0599413+00:00" endTime="2015-01-06T11:43:27.8001976+00:00" testType="13cdc9d9-ddb5-4fa4-a97d-d965ccfc6d4b" outcome="Passed" testListId="8c84fa94-04c1-424b-9868-57a2d4851a1d" relativeResultsDirectory="0ca6eec1-664e-4a77-9b9f-9458d22ab96d">
    </UnitTestResult>
  </Results>
</TestRun>